<testsuites id="" name="" tests="2640" failures="0" skipped="2640" errors="0" time="0.46356600000000003">
<testsuite name="api.spec.ts" timestamp="2026-07-22T11:39:25.618Z" hostname="chromium" tests="40" failures="0" skipped="40" time="0" errors="0">
<testcase name="POM API Testing Suite (40 Tests) › API-01: POST /api/generate-questions with AWS domain returns status 200" classname="api.spec.ts">
<skipped>
</skipped>
</testcase>
<testcase name="POM API Testing Suite (40 Tests) › API-02: POST /api/generate-questions returns non-empty questions array payload" classname="api.spec.ts">
<skipped>
</skipped>
</testcase>
<testcase name="POM API Testing Suite (40 Tests) › API-03: POST /api/generate-questions question objects contain id and text fields" classname="api.spec.ts">
<skipped>
</skipped>
</testcase>
<testcase name="POM API Testing Suite (40 Tests) › API-04: POST /api/generate-questions with Terraform domain succeeds" classname="api.spec.ts">
<skipped>
</skipped>
</testcase>
<testcase name="POM API Testing Suite (40 Tests) › API-05: POST /api/generate-questions with Linux domain succeeds" classname="api.spec.ts">
<skipped>
</skipped>
</testcase>
<testcase name="POM API Testing Suite (40 Tests) › API-06: POST /api/generate-questions with Cloud Security domain succeeds" classname="api.spec.ts">
<skipped>
</skipped>
</testcase>
<testcase name="POM API Testing Suite (40 Tests) › API-07: POST /api/generate-questions with System Design domain succeeds" classname="api.spec.ts">
<skipped>
</skipped>
</testcase>
<testcase name="POM API Testing Suite (40 Tests) › API-08: POST /api/evaluate-answer returns status 200 OK" classname="api.spec.ts">
<skipped>
</skipped>
</testcase>
<testcase name="POM API Testing Suite (40 Tests) › API-09: POST /api/evaluate-answer response payload contains score, feedback, idealAnswer" classname="api.spec.ts">
<skipped>
</skipped>
</testcase>
<testcase name="POM API Testing Suite (40 Tests) › API-10: POST /api/evaluate-answer score is within 0-10 range" classname="api.spec.ts">
<skipped>
</skipped>
</testcase>
<testcase name="POM API Testing Suite (40 Tests) › API-11: POST /api/evaluate-answer with empty answer text handles score gracefully" classname="api.spec.ts">
<skipped>
</skipped>
</testcase>
<testcase name="POM API Testing Suite (40 Tests) › API-12: POST /api/evaluate-answer with gibberish answer text yields 0 score" classname="api.spec.ts">
<skipped>
</skipped>
</testcase>
<testcase name="POM API Testing Suite (40 Tests) › API-13: POST /api/analyze-resume returns status 200 OK" classname="api.spec.ts">
<skipped>
</skipped>
</testcase>
<testcase name="POM API Testing Suite (40 Tests) › API-14: POST /api/analyze-resume payload contains atsScore, skills, strengths" classname="api.spec.ts">
<skipped>
</skipped>
</testcase>
<testcase name="POM API Testing Suite (40 Tests) › API-15: POST /api/analyze-resume atsScore is within 0-100 percentage" classname="api.spec.ts">
<skipped>
</skipped>
</testcase>
<testcase name="POM API Testing Suite (40 Tests) › API-16: POST /api/ask-ms returns status 200 OK for Lead Coach interaction" classname="api.spec.ts">
<skipped>
</skipped>
</testcase>
<testcase name="POM API Testing Suite (40 Tests) › API-17: POST /api/ask-ms payload contains text advice response" classname="api.spec.ts">
<skipped>
</skipped>
</testcase>
<testcase name="POM API Testing Suite (40 Tests) › API-18: POST /api/generate-questions with GCP domain succeeds" classname="api.spec.ts">
<skipped>
</skipped>
</testcase>
<testcase name="POM API Testing Suite (40 Tests) › API-19: POST /api/generate-questions with Azure domain succeeds" classname="api.spec.ts">
<skipped>
</skipped>
</testcase>
<testcase name="POM API Testing Suite (40 Tests) › API-20: POST /api/generate-questions with Git domain succeeds" classname="api.spec.ts">
<skipped>
</skipped>
</testcase>
<testcase name="POM API Testing Suite (40 Tests) › API-21: POST /api/generate-questions with STAR Behavioral domain succeeds" classname="api.spec.ts">
<skipped>
</skipped>
</testcase>
<testcase name="POM API Testing Suite (40 Tests) › API-22: POST /api/evaluate-answer for Docker namespaces returns detailed feedback" classname="api.spec.ts">
<skipped>
</skipped>
</testcase>
<testcase name="POM API Testing Suite (40 Tests) › API-23: POST /api/evaluate-answer for Kubernetes probes returns detailed feedback" classname="api.spec.ts">
<skipped>
</skipped>
</testcase>
<testcase name="POM API Testing Suite (40 Tests) › API-24: POST /api/evaluate-answer for Terraform state returns detailed feedback" classname="api.spec.ts">
<skipped>
</skipped>
</testcase>
<testcase name="POM API Testing Suite (40 Tests) › API-25: POST /api/evaluate-answer for Jenkinsfile returns detailed feedback" classname="api.spec.ts">
<skipped>
</skipped>
</testcase>
<testcase name="POM API Testing Suite (40 Tests) › API-26: POST /api/analyze-resume keywordMatches array structure validation" classname="api.spec.ts">
<skipped>
</skipped>
</testcase>
<testcase name="POM API Testing Suite (40 Tests) › API-27: POST /api/analyze-resume missingSkills array structure validation" classname="api.spec.ts">
<skipped>
</skipped>
</testcase>
<testcase name="POM API Testing Suite (40 Tests) › API-28: POST /api/ask-ms response contains non-empty text string" classname="api.spec.ts">
<skipped>
</skipped>
</testcase>
<testcase name="POM API Testing Suite (40 Tests) › API-29: POST /api/generate-questions default content-type header is application/json" classname="api.spec.ts">
<skipped>
</skipped>
</testcase>
<testcase name="POM API Testing Suite (40 Tests) › API-30: POST /api/evaluate-answer content-type header is application/json" classname="api.spec.ts">
<skipped>
</skipped>
</testcase>
<testcase name="POM API Testing Suite (40 Tests) › API-31: POST /api/analyze-resume content-type header is application/json" classname="api.spec.ts">
<skipped>
</skipped>
</testcase>
<testcase name="POM API Testing Suite (40 Tests) › API-32: POST /api/ask-ms content-type header is application/json" classname="api.spec.ts">
<skipped>
</skipped>
</testcase>
<testcase name="POM API Testing Suite (40 Tests) › API-33: POST /api/generate-questions with Custom topic injection" classname="api.spec.ts">
<skipped>
</skipped>
</testcase>
<testcase name="POM API Testing Suite (40 Tests) › API-34: POST /api/evaluate-answer with high quality answer returns score &gt;= 7" classname="api.spec.ts">
<skipped>
</skipped>
</testcase>
<testcase name="POM API Testing Suite (40 Tests) › API-35: POST /api/analyze-resume with extensive technical resume yields suitability verdict" classname="api.spec.ts">
<skipped>
</skipped>
</testcase>
<testcase name="POM API Testing Suite (40 Tests) › API-36: POST /api/generate-questions supports requesting 5 questions" classname="api.spec.ts">
<skipped>
</skipped>
</testcase>
<testcase name="POM API Testing Suite (40 Tests) › API-37: POST /api/evaluate-answer ideal answer fallback is non-empty string" classname="api.spec.ts">
<skipped>
</skipped>
</testcase>
<testcase name="POM API Testing Suite (40 Tests) › API-38: POST /api/ask-ms handles single message user turn" classname="api.spec.ts">
<skipped>
</skipped>
</testcase>
<testcase name="POM API Testing Suite (40 Tests) › API-39: POST /api/analyze-resume accepts empty job description without crashing" classname="api.spec.ts">
<skipped>
</skipped>
</testcase>
<testcase name="POM API Testing Suite (40 Tests) › API-40: API endpoints respond within acceptable execution duration limits (&lt;5000ms)" classname="api.spec.ts">
<skipped>
</skipped>
</testcase>
</testsuite>
<testsuite name="aptitude.spec.ts" timestamp="2026-07-22T11:39:25.618Z" hostname="chromium" tests="30" failures="0" skipped="30" time="0" errors="0">
<testcase name="POM Aptitude &amp; Behavioral Suite (Problem Solving, STAR Drills, Logic) › APT-01: STAR Behavioral domain selector option is rendered in simulation studio" classname="aptitude.spec.ts">
<skipped>
</skipped>
</testcase>
<testcase name="POM Aptitude &amp; Behavioral Suite (Problem Solving, STAR Drills, Logic) › APT-02: Selecting STAR Behavioral domain updates active focus domain" classname="aptitude.spec.ts">
<skipped>
</skipped>
</testcase>
<testcase name="POM Aptitude &amp; Behavioral Suite (Problem Solving, STAR Drills, Logic) › APT-03: Launching STAR Behavioral drill generates behavioral question scenario" classname="aptitude.spec.ts">
<skipped>
</skipped>
</testcase>
<testcase name="POM Aptitude &amp; Behavioral Suite (Problem Solving, STAR Drills, Logic) › APT-04: Submitting structured STAR answer returns positive appraisal score" classname="aptitude.spec.ts">
<skipped>
</skipped>
</testcase>
<testcase name="POM Aptitude &amp; Behavioral Suite (Problem Solving, STAR Drills, Logic) › APT-05: Aptitude assessment returns Problem Solving sub-metric score (SOL)" classname="aptitude.spec.ts">
<skipped>
</skipped>
</testcase>
<testcase name="POM Aptitude &amp; Behavioral Suite (Problem Solving, STAR Drills, Logic) › APT-06: Behavioral feedback section suggests STAR methodology alignment" classname="aptitude.spec.ts">
<skipped>
</skipped>
</testcase>
<testcase name="POM Aptitude &amp; Behavioral Suite (Problem Solving, STAR Drills, Logic) › APT-07: Aptitude drill feedback contains Model Ideal Answer guide" classname="aptitude.spec.ts">
<skipped>
</skipped>
</testcase>
<testcase name="POM Aptitude &amp; Behavioral Suite (Problem Solving, STAR Drills, Logic) › APT-08: Complete behavioral drill session generates composite metrics report" classname="aptitude.spec.ts">
<skipped>
</skipped>
</testcase>
<testcase name="POM Aptitude &amp; Behavioral Suite (Problem Solving, STAR Drills, Logic) › APT-09: Problem Solving metric is highlighted in summary report score grid" classname="aptitude.spec.ts">
<skipped>
</skipped>
</testcase>
<testcase name="POM Aptitude &amp; Behavioral Suite (Problem Solving, STAR Drills, Logic) › APT-10: Communication metric (COM) is included in assessment report" classname="aptitude.spec.ts">
<skipped>
</skipped>
</testcase>
<testcase name="POM Aptitude &amp; Behavioral Suite (Problem Solving, STAR Drills, Logic) › APT-11: Lead Coach Ask MS modal provides STAR behavioral layout advice pill" classname="aptitude.spec.ts">
<skipped>
</skipped>
</testcase>
<testcase name="POM Aptitude &amp; Behavioral Suite (Problem Solving, STAR Drills, Logic) › APT-12: Aptitude reasoning questions support multi-paragraph structured inputs" classname="aptitude.spec.ts">
<skipped>
</skipped>
</testcase>
<testcase name="POM Aptitude &amp; Behavioral Suite (Problem Solving, STAR Drills, Logic) › APT-13: Short responses in behavioral drill trigger improvement suggestions" classname="aptitude.spec.ts">
<skipped>
</skipped>
</testcase>
<testcase name="POM Aptitude &amp; Behavioral Suite (Problem Solving, STAR Drills, Logic) › APT-14: Gibberish input in aptitude drill yields zero score evaluation" classname="aptitude.spec.ts">
<skipped>
</skipped>
</testcase>
<testcase name="POM Aptitude &amp; Behavioral Suite (Problem Solving, STAR Drills, Logic) › APT-15: Empty input in aptitude drill presents prompt warning feedback" classname="aptitude.spec.ts">
<skipped>
</skipped>
</testcase>
<testcase name="POM Aptitude &amp; Behavioral Suite (Problem Solving, STAR Drills, Logic) › APT-16: 4-Week Action Plan in behavioral summary provides structured weekly roadmap" classname="aptitude.spec.ts">
<skipped>
</skipped>
</testcase>
<testcase name="POM Aptitude &amp; Behavioral Suite (Problem Solving, STAR Drills, Logic) › APT-17: Export PDF report action button available on behavioral summary screen" classname="aptitude.spec.ts">
<skipped>
</skipped>
</testcase>
<testcase name="POM Aptitude &amp; Behavioral Suite (Problem Solving, STAR Drills, Logic) › APT-18: Start New Mock Session resets behavioral drill options" classname="aptitude.spec.ts">
<skipped>
</skipped>
</testcase>
<testcase name="POM Aptitude &amp; Behavioral Suite (Problem Solving, STAR Drills, Logic) › APT-19: Behavioral session results append to historic interview list" classname="aptitude.spec.ts">
<skipped>
</skipped>
</testcase>
<testcase name="POM Aptitude &amp; Behavioral Suite (Problem Solving, STAR Drills, Logic) › APT-20: Behavioral question text prompt contains situational setup words" classname="aptitude.spec.ts">
<skipped>
</skipped>
</testcase>
<testcase name="POM Aptitude &amp; Behavioral Suite (Problem Solving, STAR Drills, Logic) › APT-21: STAR method question steps allow navigating through multiple questions" classname="aptitude.spec.ts">
<skipped>
</skipped>
</testcase>
<testcase name="POM Aptitude &amp; Behavioral Suite (Problem Solving, STAR Drills, Logic) › APT-22: Aptitude score cards render percentage background colors" classname="aptitude.spec.ts">
<skipped>
</skipped>
</testcase>
<testcase name="POM Aptitude &amp; Behavioral Suite (Problem Solving, STAR Drills, Logic) › APT-23: Behavioral focus topic input parameter is retained in setup state" classname="aptitude.spec.ts">
<skipped>
</skipped>
</testcase>
<testcase name="POM Aptitude &amp; Behavioral Suite (Problem Solving, STAR Drills, Logic) › APT-24: Pinned custom STAR question renders correctly in drill header" classname="aptitude.spec.ts">
<skipped>
</skipped>
</testcase>
<testcase name="POM Aptitude &amp; Behavioral Suite (Problem Solving, STAR Drills, Logic) › APT-25: Aptitude score summary includes Clarity metric (CLA)" classname="aptitude.spec.ts">
<skipped>
</skipped>
</testcase>
<testcase name="POM Aptitude &amp; Behavioral Suite (Problem Solving, STAR Drills, Logic) › APT-26: Aptitude score summary includes Confidence metric (CON)" classname="aptitude.spec.ts">
<skipped>
</skipped>
</testcase>
<testcase name="POM Aptitude &amp; Behavioral Suite (Problem Solving, STAR Drills, Logic) › APT-27: Terminate Session early button exits behavioral drill screen" classname="aptitude.spec.ts">
<skipped>
</skipped>
</testcase>
<testcase name="POM Aptitude &amp; Behavioral Suite (Problem Solving, STAR Drills, Logic) › APT-28: Aptitude drill is responsive on mobile 375px viewport" classname="aptitude.spec.ts">
<skipped>
</skipped>
</testcase>
<testcase name="POM Aptitude &amp; Behavioral Suite (Problem Solving, STAR Drills, Logic) › APT-29: Aptitude drill is responsive on tablet 768px viewport" classname="aptitude.spec.ts">
<skipped>
</skipped>
</testcase>
<testcase name="POM Aptitude &amp; Behavioral Suite (Problem Solving, STAR Drills, Logic) › APT-30: Aptitude drill is responsive on desktop 1440px viewport" classname="aptitude.spec.ts">
<skipped>
</skipped>
</testcase>
</testsuite>
<testsuite name="auth.spec.ts" timestamp="2026-07-22T11:39:25.618Z" hostname="chromium" tests="50" failures="0" skipped="50" time="0" errors="0">
<testcase name="POM Authentication Suite (50 Tests) › AUTH-01: Page title should contain PrepWise" classname="auth.spec.ts">
<skipped>
</skipped>
</testcase>
<testcase name="POM Authentication Suite (50 Tests) › AUTH-02: Native login modal displays Candidate Access Portal header" classname="auth.spec.ts">
<skipped>
</skipped>
</testcase>
<testcase name="POM Authentication Suite (50 Tests) › AUTH-03: Full name input field accepts candidate input" classname="auth.spec.ts">
<skipped>
</skipped>
</testcase>
<testcase name="POM Authentication Suite (50 Tests) › AUTH-04: Primary email address field accepts valid email format" classname="auth.spec.ts">
<skipped>
</skipped>
</testcase>
<testcase name="POM Authentication Suite (50 Tests) › AUTH-05: Password input field defaults to password type" classname="auth.spec.ts">
<skipped>
</skipped>
</testcase>
<testcase name="POM Authentication Suite (50 Tests) › AUTH-06: Password visibility toggle button switches type to text" classname="auth.spec.ts">
<skipped>
</skipped>
</testcase>
<testcase name="POM Authentication Suite (50 Tests) › AUTH-07: Launch App Workspace button is visible and enabled" classname="auth.spec.ts">
<skipped>
</skipped>
</testcase>
<testcase name="POM Authentication Suite (50 Tests) › AUTH-08: Password length validation (&lt; 8 chars) shows error toast" classname="auth.spec.ts">
<skipped>
</skipped>
</testcase>
<testcase name="POM Authentication Suite (50 Tests) › AUTH-09: Password letter enforcement validation shows error toast" classname="auth.spec.ts">
<skipped>
</skipped>
</testcase>
<testcase name="POM Authentication Suite (50 Tests) › AUTH-10: Password number enforcement validation shows error toast" classname="auth.spec.ts">
<skipped>
</skipped>
</testcase>
<testcase name="POM Authentication Suite (50 Tests) › AUTH-11: Password whitespace prohibition validation shows error toast" classname="auth.spec.ts">
<skipped>
</skipped>
</testcase>
<testcase name="POM Authentication Suite (50 Tests) › AUTH-12: Forgot password toggle button switches form to password recovery mode" classname="auth.spec.ts">
<skipped>
</skipped>
</testcase>
<testcase name="POM Authentication Suite (50 Tests) › AUTH-13: Forgot password form with empty email shows error prompt" classname="auth.spec.ts">
<skipped>
</skipped>
</testcase>
<testcase name="POM Authentication Suite (50 Tests) › AUTH-14: Forgot password back to sign in button returns to sign in form" classname="auth.spec.ts">
<skipped>
</skipped>
</testcase>
<testcase name="POM Authentication Suite (50 Tests) › AUTH-15: Guest authentication bypass enters app workspace as Guest" classname="auth.spec.ts">
<skipped>
</skipped>
</testcase>
<testcase name="POM Authentication Suite (50 Tests) › AUTH-16: Guest user defaults candidate name to James Jane" classname="auth.spec.ts">
<skipped>
</skipped>
</testcase>
<testcase name="POM Authentication Suite (50 Tests) › AUTH-17: Guest user assigns default target goal Cloud DevOps Architect" classname="auth.spec.ts">
<skipped>
</skipped>
</testcase>
<testcase name="POM Authentication Suite (50 Tests) › AUTH-18: Login state persists across page reload via LocalStorage" classname="auth.spec.ts">
<skipped>
</skipped>
</testcase>
<testcase name="POM Authentication Suite (50 Tests) › AUTH-19: Valid form submission logs in candidate and closes modal" classname="auth.spec.ts">
<skipped>
</skipped>
</testcase>
<testcase name="POM Authentication Suite (50 Tests) › AUTH-20: Sign out from profile tab clears session and returns to auth modal" classname="auth.spec.ts">
<skipped>
</skipped>
</testcase>
<testcase name="POM Authentication Suite (50 Tests) › AUTH-21: Re-authenticating after sign out reinstates workspace access" classname="auth.spec.ts">
<skipped>
</skipped>
</testcase>
<testcase name="POM Authentication Suite (50 Tests) › AUTH-22: Empty form submission triggers browser HTML5 required field validation" classname="auth.spec.ts">
<skipped>
</skipped>
</testcase>
<testcase name="POM Authentication Suite (50 Tests) › AUTH-23: LocalStorage contains pw_is_logged_in flag after authentication" classname="auth.spec.ts">
<skipped>
</skipped>
</testcase>
<testcase name="POM Authentication Suite (50 Tests) › AUTH-24: LocalStorage contains pw_user_name after authentication" classname="auth.spec.ts">
<skipped>
</skipped>
</testcase>
<testcase name="POM Authentication Suite (50 Tests) › AUTH-25: System status bar displays SYS ACTIVE indicator badge" classname="auth.spec.ts">
<skipped>
</skipped>
</testcase>
<testcase name="POM Authentication Suite (50 Tests) › AUTH-26: Header displays candidate user icon button" classname="auth.spec.ts">
<skipped>
</skipped>
</testcase>
<testcase name="POM Authentication Suite (50 Tests) › AUTH-27: Candidate email address is stored in LocalStorage upon sign in" classname="auth.spec.ts">
<skipped>
</skipped>
</testcase>
<testcase name="POM Authentication Suite (50 Tests) › AUTH-28: Password reset toast notification message format check" classname="auth.spec.ts">
<skipped>
</skipped>
</testcase>
<testcase name="POM Authentication Suite (50 Tests) › AUTH-29: Encrypted Session security info subtext is visible on auth form" classname="auth.spec.ts">
<skipped>
</skipped>
</testcase>
<testcase name="POM Authentication Suite (50 Tests) › AUTH-30: Session tear down clears LocalStorage pw_is_logged_in flag" classname="auth.spec.ts">
<skipped>
</skipped>
</testcase>
<testcase name="POM Authentication Suite (50 Tests) › AUTH-31: Password length boundary check exactly 8 characters passes" classname="auth.spec.ts">
<skipped>
</skipped>
</testcase>
<testcase name="POM Authentication Suite (50 Tests) › AUTH-32: Password length boundary check 7 characters fails" classname="auth.spec.ts">
<skipped>
</skipped>
</testcase>
<testcase name="POM Authentication Suite (50 Tests) › AUTH-33: Email with upper case characters normalizes correctly" classname="auth.spec.ts">
<skipped>
</skipped>
</testcase>
<testcase name="POM Authentication Suite (50 Tests) › AUTH-34: Empty password field submit shows validation state" classname="auth.spec.ts">
<skipped>
</skipped>
</testcase>
<testcase name="POM Authentication Suite (50 Tests) › AUTH-35: Empty full name field submit shows validation state" classname="auth.spec.ts">
<skipped>
</skipped>
</testcase>
<testcase name="POM Authentication Suite (50 Tests) › AUTH-36: Registration with special characters in name accepts input" classname="auth.spec.ts">
<skipped>
</skipped>
</testcase>
<testcase name="POM Authentication Suite (50 Tests) › AUTH-37: Auth form responsive on mobile viewport 375px" classname="auth.spec.ts">
<skipped>
</skipped>
</testcase>
<testcase name="POM Authentication Suite (50 Tests) › AUTH-38: Auth form responsive on tablet viewport 768px" classname="auth.spec.ts">
<skipped>
</skipped>
</testcase>
<testcase name="POM Authentication Suite (50 Tests) › AUTH-39: Auth form responsive on desktop viewport 1440px" classname="auth.spec.ts">
<skipped>
</skipped>
</testcase>
<testcase name="POM Authentication Suite (50 Tests) › AUTH-40: Reset password link dispatch with offline mode generates fallback notification" classname="auth.spec.ts">
<skipped>
</skipped>
</testcase>
<testcase name="POM Authentication Suite (50 Tests) › AUTH-41: Full name field trimming ignores leading/trailing whitespace" classname="auth.spec.ts">
<skipped>
</skipped>
</testcase>
<testcase name="POM Authentication Suite (50 Tests) › AUTH-42: Email field trimming ignores leading/trailing whitespace" classname="auth.spec.ts">
<skipped>
</skipped>
</testcase>
<testcase name="POM Authentication Suite (50 Tests) › AUTH-43: Password field retains special punctuation characters" classname="auth.spec.ts">
<skipped>
</skipped>
</testcase>
<testcase name="POM Authentication Suite (50 Tests) › AUTH-44: Re-opening auth modal resets error toast container state" classname="auth.spec.ts">
<skipped>
</skipped>
</testcase>
<testcase name="POM Authentication Suite (50 Tests) › AUTH-45: Auth portal subtext contains security encryption notice" classname="auth.spec.ts">
<skipped>
</skipped>
</testcase>
<testcase name="POM Authentication Suite (50 Tests) › AUTH-46: Form reset on page reload returns clean inputs" classname="auth.spec.ts">
<skipped>
</skipped>
</testcase>
<testcase name="POM Authentication Suite (50 Tests) › AUTH-47: Password input autocomplete attribute check" classname="auth.spec.ts">
<skipped>
</skipped>
</testcase>
<testcase name="POM Authentication Suite (50 Tests) › AUTH-48: Registration button displays Launch App Workspace label" classname="auth.spec.ts">
<skipped>
</skipped>
</testcase>
<testcase name="POM Authentication Suite (50 Tests) › AUTH-49: Guest bypass button displays Skip authentication text" classname="auth.spec.ts">
<skipped>
</skipped>
</testcase>
<testcase name="POM Authentication Suite (50 Tests) › AUTH-50: Password recovery form renders Dispatch Reset Link button" classname="auth.spec.ts">
<skipped>
</skipped>
</testcase>
</testsuite>
<testsuite name="dashboard.spec.ts" timestamp="2026-07-22T11:39:25.618Z" hostname="chromium" tests="40" failures="0" skipped="40" time="0" errors="0">
<testcase name="POM Dashboard Suite (Home Metrics, Streak, Activity Feeds, Popups) › DASH-01: Candidate identity card displays user full name" classname="dashboard.spec.ts">
<skipped>
</skipped>
</testcase>
<testcase name="POM Dashboard Suite (Home Metrics, Streak, Activity Feeds, Popups) › DASH-02: Target career goal badge displays candidate role title" classname="dashboard.spec.ts">
<skipped>
</skipped>
</testcase>
<testcase name="POM Dashboard Suite (Home Metrics, Streak, Activity Feeds, Popups) › DASH-03: Practice streak counter badge displays active streak days" classname="dashboard.spec.ts">
<skipped>
</skipped>
</testcase>
<testcase name="POM Dashboard Suite (Home Metrics, Streak, Activity Feeds, Popups) › DASH-04: Practice streak flame icon element is present" classname="dashboard.spec.ts">
<skipped>
</skipped>
</testcase>
<testcase name="POM Dashboard Suite (Home Metrics, Streak, Activity Feeds, Popups) › DASH-05: Platform overview banner renders PrepWise AI title header" classname="dashboard.spec.ts">
<skipped>
</skipped>
</testcase>
<testcase name="POM Dashboard Suite (Home Metrics, Streak, Activity Feeds, Popups) › DASH-06: Platform overview tagline mentions AI-Powered Cloud &amp; DevOps Coach" classname="dashboard.spec.ts">
<skipped>
</skipped>
</testcase>
<testcase name="POM Dashboard Suite (Home Metrics, Streak, Activity Feeds, Popups) › DASH-07: Platform overview lists target tech stack (AWS, Docker, K8s, Terraform)" classname="dashboard.spec.ts">
<skipped>
</skipped>
</testcase>
<testcase name="POM Dashboard Suite (Home Metrics, Streak, Activity Feeds, Popups) › DASH-08: Progress metrics section header is displayed" classname="dashboard.spec.ts">
<skipped>
</skipped>
</testcase>
<testcase name="POM Dashboard Suite (Home Metrics, Streak, Activity Feeds, Popups) › DASH-09: Mock session index card displays total session count value" classname="dashboard.spec.ts">
<skipped>
</skipped>
</testcase>
<testcase name="POM Dashboard Suite (Home Metrics, Streak, Activity Feeds, Popups) › DASH-10: Average appraisal rating card displays composite score percentage" classname="dashboard.spec.ts">
<skipped>
</skipped>
</testcase>
<testcase name="POM Dashboard Suite (Home Metrics, Streak, Activity Feeds, Popups) › DASH-11: Target rating benchmark text mentions Target: 85%+" classname="dashboard.spec.ts">
<skipped>
</skipped>
</testcase>
<testcase name="POM Dashboard Suite (Home Metrics, Streak, Activity Feeds, Popups) › DASH-12: ATS Resume Score progress indicator text element is rendered" classname="dashboard.spec.ts">
<skipped>
</skipped>
</testcase>
<testcase name="POM Dashboard Suite (Home Metrics, Streak, Activity Feeds, Popups) › DASH-13: Interactive Mock Drills preparation unit button is visible" classname="dashboard.spec.ts">
<skipped>
</skipped>
</testcase>
<testcase name="POM Dashboard Suite (Home Metrics, Streak, Activity Feeds, Popups) › DASH-14: ATS Scanner preparation unit button is visible" classname="dashboard.spec.ts">
<skipped>
</skipped>
</testcase>
<testcase name="POM Dashboard Suite (Home Metrics, Streak, Activity Feeds, Popups) › DASH-15: DevOps Hub preparation unit button is visible" classname="dashboard.spec.ts">
<skipped>
</skipped>
</testcase>
<testcase name="POM Dashboard Suite (Home Metrics, Streak, Activity Feeds, Popups) › DASH-16: Lead Coach Talk with Lead Coach banner is rendered" classname="dashboard.spec.ts">
<skipped>
</skipped>
</testcase>
<testcase name="POM Dashboard Suite (Home Metrics, Streak, Activity Feeds, Popups) › DASH-17: Lead Coach online active pulse indicator dot element is present" classname="dashboard.spec.ts">
<skipped>
</skipped>
</testcase>
<testcase name="POM Dashboard Suite (Home Metrics, Streak, Activity Feeds, Popups) › DASH-18: Recent Activity Feeds section header element is displayed" classname="dashboard.spec.ts">
<skipped>
</skipped>
</testcase>
<testcase name="POM Dashboard Suite (Home Metrics, Streak, Activity Feeds, Popups) › DASH-19: Historic interview activity cards list recent mock sessions" classname="dashboard.spec.ts">
<skipped>
</skipped>
</testcase>
<testcase name="POM Dashboard Suite (Home Metrics, Streak, Activity Feeds, Popups) › DASH-20: Historic activity item displays company and difficulty tags" classname="dashboard.spec.ts">
<skipped>
</skipped>
</testcase>
<testcase name="POM Dashboard Suite (Home Metrics, Streak, Activity Feeds, Popups) › DASH-21: Historic activity item displays percentage score badge" classname="dashboard.spec.ts">
<skipped>
</skipped>
</testcase>
<testcase name="POM Dashboard Suite (Home Metrics, Streak, Activity Feeds, Popups) › DASH-22: Clicking recent activity item opens session detail modal overlay" classname="dashboard.spec.ts">
<skipped>
</skipped>
</testcase>
<testcase name="POM Dashboard Suite (Home Metrics, Streak, Activity Feeds, Popups) › DASH-23: Detail modal displays score breakdown metrics (COM, TEC, CON, SOL, CLA)" classname="dashboard.spec.ts">
<skipped>
</skipped>
</testcase>
<testcase name="POM Dashboard Suite (Home Metrics, Streak, Activity Feeds, Popups) › DASH-24: Detail modal renders markdown feedback section text" classname="dashboard.spec.ts">
<skipped>
</skipped>
</testcase>
<testcase name="POM Dashboard Suite (Home Metrics, Streak, Activity Feeds, Popups) › DASH-25: Detail modal renders interview transcript logs section" classname="dashboard.spec.ts">
<skipped>
</skipped>
</testcase>
<testcase name="POM Dashboard Suite (Home Metrics, Streak, Activity Feeds, Popups) › DASH-26: Dismiss Session logs button closes detail modal overlay" classname="dashboard.spec.ts">
<skipped>
</skipped>
</testcase>
<testcase name="POM Dashboard Suite (Home Metrics, Streak, Activity Feeds, Popups) › DASH-27: Clicking Analytics tab navigates to candidate metrics board" classname="dashboard.spec.ts">
<skipped>
</skipped>
</testcase>
<testcase name="POM Dashboard Suite (Home Metrics, Streak, Activity Feeds, Popups) › DASH-28: Analytics tab displays score trendline area chart container" classname="dashboard.spec.ts">
<skipped>
</skipped>
</testcase>
<testcase name="POM Dashboard Suite (Home Metrics, Streak, Activity Feeds, Popups) › DASH-29: Analytics tab renders key strengths and growth areas breakdown" classname="dashboard.spec.ts">
<skipped>
</skipped>
</testcase>
<testcase name="POM Dashboard Suite (Home Metrics, Streak, Activity Feeds, Popups) › DASH-30: View Logs link on dashboard navigates directly to Analytics tab" classname="dashboard.spec.ts">
<skipped>
</skipped>
</testcase>
<testcase name="POM Dashboard Suite (Home Metrics, Streak, Activity Feeds, Popups) › DASH-31: Dashboard account card contains Candidate Account text label" classname="dashboard.spec.ts">
<skipped>
</skipped>
</testcase>
<testcase name="POM Dashboard Suite (Home Metrics, Streak, Activity Feeds, Popups) › DASH-32: Dashboard rating progress bar element is rendered" classname="dashboard.spec.ts">
<skipped>
</skipped>
</testcase>
<testcase name="POM Dashboard Suite (Home Metrics, Streak, Activity Feeds, Popups) › DASH-33: Interactive Mock Drills card subtext mentions 5-question scoring" classname="dashboard.spec.ts">
<skipped>
</skipped>
</testcase>
<testcase name="POM Dashboard Suite (Home Metrics, Streak, Activity Feeds, Popups) › DASH-34: ATS Scanner card subtext mentions Optimize compliance" classname="dashboard.spec.ts">
<skipped>
</skipped>
</testcase>
<testcase name="POM Dashboard Suite (Home Metrics, Streak, Activity Feeds, Popups) › DASH-35: DevOps Hub card subtext mentions AWS Docker CI/CD" classname="dashboard.spec.ts">
<skipped>
</skipped>
</testcase>
<testcase name="POM Dashboard Suite (Home Metrics, Streak, Activity Feeds, Popups) › DASH-36: Lead Coach banner subtext mentions instant technical reviews" classname="dashboard.spec.ts">
<skipped>
</skipped>
</testcase>
<testcase name="POM Dashboard Suite (Home Metrics, Streak, Activity Feeds, Popups) › DASH-37: Dashboard responsive layout on 375px mobile viewport" classname="dashboard.spec.ts">
<skipped>
</skipped>
</testcase>
<testcase name="POM Dashboard Suite (Home Metrics, Streak, Activity Feeds, Popups) › DASH-38: Dashboard responsive layout on 768px tablet viewport" classname="dashboard.spec.ts">
<skipped>
</skipped>
</testcase>
<testcase name="POM Dashboard Suite (Home Metrics, Streak, Activity Feeds, Popups) › DASH-39: Dashboard responsive layout on 1440px desktop viewport" classname="dashboard.spec.ts">
<skipped>
</skipped>
</testcase>
<testcase name="POM Dashboard Suite (Home Metrics, Streak, Activity Feeds, Popups) › DASH-40: Historical activity record modal back button dismisses overlay" classname="dashboard.spec.ts">
<skipped>
</skipped>
</testcase>
</testsuite>
<testsuite name="data-driven.spec.ts" timestamp="2026-07-22T11:39:25.618Z" hostname="chromium" tests="30" failures="0" skipped="30" time="0" errors="0">
<testcase name="POM Data-Driven Testing Suite (JSON &amp; CSV Datasets - 30 Tests) › DD-JSON-USER-1: Data-driven user profile update for Alice Smith" classname="data-driven.spec.ts">
<skipped>
</skipped>
</testcase>
<testcase name="POM Data-Driven Testing Suite (JSON &amp; CSV Datasets - 30 Tests) › DD-JSON-USER-2: Data-driven user profile update for Bob Jones" classname="data-driven.spec.ts">
<skipped>
</skipped>
</testcase>
<testcase name="POM Data-Driven Testing Suite (JSON &amp; CSV Datasets - 30 Tests) › DD-JSON-USER-3: Data-driven user profile update for Charlie Brown" classname="data-driven.spec.ts">
<skipped>
</skipped>
</testcase>
<testcase name="POM Data-Driven Testing Suite (JSON &amp; CSV Datasets - 30 Tests) › DD-JSON-DOMAIN-1: Data-driven interview setup for AWS" classname="data-driven.spec.ts">
<skipped>
</skipped>
</testcase>
<testcase name="POM Data-Driven Testing Suite (JSON &amp; CSV Datasets - 30 Tests) › DD-JSON-DOMAIN-2: Data-driven interview setup for Docker" classname="data-driven.spec.ts">
<skipped>
</skipped>
</testcase>
<testcase name="POM Data-Driven Testing Suite (JSON &amp; CSV Datasets - 30 Tests) › DD-JSON-DOMAIN-3: Data-driven interview setup for Kubernetes" classname="data-driven.spec.ts">
<skipped>
</skipped>
</testcase>
<testcase name="POM Data-Driven Testing Suite (JSON &amp; CSV Datasets - 30 Tests) › DD-JSON-DOMAIN-4: Data-driven interview setup for Terraform" classname="data-driven.spec.ts">
<skipped>
</skipped>
</testcase>
<testcase name="POM Data-Driven Testing Suite (JSON &amp; CSV Datasets - 30 Tests) › DD-JSON-RESUME-1: Data-driven ATS analysis for Cloud DevOps Senior" classname="data-driven.spec.ts">
<skipped>
</skipped>
</testcase>
<testcase name="POM Data-Driven Testing Suite (JSON &amp; CSV Datasets - 30 Tests) › DD-JSON-RESUME-2: Data-driven ATS analysis for Full Stack Engineer" classname="data-driven.spec.ts">
<skipped>
</skipped>
</testcase>
<testcase name="POM Data-Driven Testing Suite (JSON &amp; CSV Datasets - 30 Tests) › DD-CSV-ROW-1: Data-driven CSV row execution for James Jane" classname="data-driven.spec.ts">
<skipped>
</skipped>
</testcase>
<testcase name="POM Data-Driven Testing Suite (JSON &amp; CSV Datasets - 30 Tests) › DD-CSV-DOMAIN-1: Data-driven CSV domain selection for AWS" classname="data-driven.spec.ts">
<skipped>
</skipped>
</testcase>
<testcase name="POM Data-Driven Testing Suite (JSON &amp; CSV Datasets - 30 Tests) › DD-CSV-ROW-2: Data-driven CSV row execution for Sarah Connor" classname="data-driven.spec.ts">
<skipped>
</skipped>
</testcase>
<testcase name="POM Data-Driven Testing Suite (JSON &amp; CSV Datasets - 30 Tests) › DD-CSV-DOMAIN-2: Data-driven CSV domain selection for Cloud Security" classname="data-driven.spec.ts">
<skipped>
</skipped>
</testcase>
<testcase name="POM Data-Driven Testing Suite (JSON &amp; CSV Datasets - 30 Tests) › DD-CSV-ROW-3: Data-driven CSV row execution for Alex Rivera" classname="data-driven.spec.ts">
<skipped>
</skipped>
</testcase>
<testcase name="POM Data-Driven Testing Suite (JSON &amp; CSV Datasets - 30 Tests) › DD-CSV-DOMAIN-3: Data-driven CSV domain selection for Kubernetes" classname="data-driven.spec.ts">
<skipped>
</skipped>
</testcase>
<testcase name="POM Data-Driven Testing Suite (JSON &amp; CSV Datasets - 30 Tests) › DD-EDGE-01: Data-driven handling for minimal valid resume text" classname="data-driven.spec.ts">
<skipped>
</skipped>
</testcase>
<testcase name="POM Data-Driven Testing Suite (JSON &amp; CSV Datasets - 30 Tests) › DD-EDGE-02: Data-driven handling for multi-line job description" classname="data-driven.spec.ts">
<skipped>
</skipped>
</testcase>
<testcase name="POM Data-Driven Testing Suite (JSON &amp; CSV Datasets - 30 Tests) › DD-EDGE-03: Data-driven handling for custom topic prompt injection" classname="data-driven.spec.ts">
<skipped>
</skipped>
</testcase>
<testcase name="POM Data-Driven Testing Suite (JSON &amp; CSV Datasets - 30 Tests) › DD-EDGE-04: Data-driven handling for max 10 questions count" classname="data-driven.spec.ts">
<skipped>
</skipped>
</testcase>
<testcase name="POM Data-Driven Testing Suite (JSON &amp; CSV Datasets - 30 Tests) › DD-EDGE-05: Data-driven handling for min 1 question count" classname="data-driven.spec.ts">
<skipped>
</skipped>
</testcase>
<testcase name="POM Data-Driven Testing Suite (JSON &amp; CSV Datasets - 30 Tests) › DD-EDGE-06: Data-driven verification of session performance report rating output" classname="data-driven.spec.ts">
<skipped>
</skipped>
</testcase>
<testcase name="POM Data-Driven Testing Suite (JSON &amp; CSV Datasets - 30 Tests) › DD-EDGE-07: Data-driven verification of ATS suitability verdict text" classname="data-driven.spec.ts">
<skipped>
</skipped>
</testcase>
<testcase name="POM Data-Driven Testing Suite (JSON &amp; CSV Datasets - 30 Tests) › DD-EDGE-08: Data-driven verification of Lead Coach suggestion prompts" classname="data-driven.spec.ts">
<skipped>
</skipped>
</testcase>
<testcase name="POM Data-Driven Testing Suite (JSON &amp; CSV Datasets - 30 Tests) › DD-EDGE-09: Data-driven verification of historic activity feed item score badge styling" classname="data-driven.spec.ts">
<skipped>
</skipped>
</testcase>
<testcase name="POM Data-Driven Testing Suite (JSON &amp; CSV Datasets - 30 Tests) › DD-EDGE-10: Data-driven verification of streak count persistence after reload" classname="data-driven.spec.ts">
<skipped>
</skipped>
</testcase>
<testcase name="POM Data-Driven Testing Suite (JSON &amp; CSV Datasets - 30 Tests) › DD-EDGE-11: Data-driven verification of dark theme background styling" classname="data-driven.spec.ts">
<skipped>
</skipped>
</testcase>
<testcase name="POM Data-Driven Testing Suite (JSON &amp; CSV Datasets - 30 Tests) › DD-EDGE-12: Data-driven verification of LocalStorage pw_user_goal parameter" classname="data-driven.spec.ts">
<skipped>
</skipped>
</testcase>
<testcase name="POM Data-Driven Testing Suite (JSON &amp; CSV Datasets - 30 Tests) › DD-EDGE-13: Data-driven verification of LocalStorage pw_interview_history array" classname="data-driven.spec.ts">
<skipped>
</skipped>
</testcase>
<testcase name="POM Data-Driven Testing Suite (JSON &amp; CSV Datasets - 30 Tests) › DD-EDGE-14: Data-driven verification of Lead Coach MS avatar badge" classname="data-driven.spec.ts">
<skipped>
</skipped>
</testcase>
<testcase name="POM Data-Driven Testing Suite (JSON &amp; CSV Datasets - 30 Tests) › DD-EDGE-15: Data-driven verification of bottom dock 5-icon structure" classname="data-driven.spec.ts">
<skipped>
</skipped>
</testcase>
</testsuite>
<testsuite name="interview.spec.ts" timestamp="2026-07-22T11:39:25.618Z" hostname="chromium" tests="40" failures="0" skipped="40" time="0" errors="0">
<testcase name="POM Mock Interview Suite (Setup, Domains, Difficulty, Drill Steps, Evaluation) › INT-01: Navigating to Interview tab opens Simulation Studio setup screen" classname="interview.spec.ts">
<skipped>
</skipped>
</testcase>
<testcase name="POM Mock Interview Suite (Setup, Domains, Difficulty, Drill Steps, Evaluation) › INT-02: Back to Home button returns candidate to home panel" classname="interview.spec.ts">
<skipped>
</skipped>
</testcase>
<testcase name="POM Mock Interview Suite (Setup, Domains, Difficulty, Drill Steps, Evaluation) › INT-03: Focus domain selection grid renders tech domain buttons (AWS, Docker, K8s)" classname="interview.spec.ts">
<skipped>
</skipped>
</testcase>
<testcase name="POM Mock Interview Suite (Setup, Domains, Difficulty, Drill Steps, Evaluation) › INT-04: Clicking AWS domain selects AWS and updates active border highlight" classname="interview.spec.ts">
<skipped>
</skipped>
</testcase>
<testcase name="POM Mock Interview Suite (Setup, Domains, Difficulty, Drill Steps, Evaluation) › INT-05: Clicking Docker domain selects Docker containerization domain" classname="interview.spec.ts">
<skipped>
</skipped>
</testcase>
<testcase name="POM Mock Interview Suite (Setup, Domains, Difficulty, Drill Steps, Evaluation) › INT-06: Clicking Kubernetes domain selects Kubernetes orchestration domain" classname="interview.spec.ts">
<skipped>
</skipped>
</testcase>
<testcase name="POM Mock Interview Suite (Setup, Domains, Difficulty, Drill Steps, Evaluation) › INT-07: Selecting Custom domain reveals custom domain text input field" classname="interview.spec.ts">
<skipped>
</skipped>
</testcase>
<testcase name="POM Mock Interview Suite (Setup, Domains, Difficulty, Drill Steps, Evaluation) › INT-08: Target role title input field accepts custom text input" classname="interview.spec.ts">
<skipped>
</skipped>
</testcase>
<testcase name="POM Mock Interview Suite (Setup, Domains, Difficulty, Drill Steps, Evaluation) › INT-09: Target company input field accepts target company name" classname="interview.spec.ts">
<skipped>
</skipped>
</testcase>
<testcase name="POM Mock Interview Suite (Setup, Domains, Difficulty, Drill Steps, Evaluation) › INT-10: Target difficulty level selector options exist (Beginner, Intermediate, Advanced)" classname="interview.spec.ts">
<skipped>
</skipped>
</testcase>
<testcase name="POM Mock Interview Suite (Setup, Domains, Difficulty, Drill Steps, Evaluation) › INT-11: Clicking difficulty button updates active difficulty selection" classname="interview.spec.ts">
<skipped>
</skipped>
</testcase>
<testcase name="POM Mock Interview Suite (Setup, Domains, Difficulty, Drill Steps, Evaluation) › INT-12: Number of questions input can be set between 1 and 10" classname="interview.spec.ts">
<skipped>
</skipped>
</testcase>
<testcase name="POM Mock Interview Suite (Setup, Domains, Difficulty, Drill Steps, Evaluation) › INT-13: Question mode switcher supports Dynamic AI and Custom Pinned modes" classname="interview.spec.ts">
<skipped>
</skipped>
</testcase>
<testcase name="POM Mock Interview Suite (Setup, Domains, Difficulty, Drill Steps, Evaluation) › INT-14: Switching to Custom Pinned Mode reveals custom question input box" classname="interview.spec.ts">
<skipped>
</skipped>
</testcase>
<testcase name="POM Mock Interview Suite (Setup, Domains, Difficulty, Drill Steps, Evaluation) › INT-15: Custom question input field accepts question text input" classname="interview.spec.ts">
<skipped>
</skipped>
</testcase>
<testcase name="POM Mock Interview Suite (Setup, Domains, Difficulty, Drill Steps, Evaluation) › INT-16: Pin Custom Question button adds question to pinned list badge" classname="interview.spec.ts">
<skipped>
</skipped>
</testcase>
<testcase name="POM Mock Interview Suite (Setup, Domains, Difficulty, Drill Steps, Evaluation) › INT-17: Launch Interview Session button is visible and active" classname="interview.spec.ts">
<skipped>
</skipped>
</testcase>
<testcase name="POM Mock Interview Suite (Setup, Domains, Difficulty, Drill Steps, Evaluation) › INT-18: Clicking Launch Interview Session transitions to active drill screen" classname="interview.spec.ts">
<skipped>
</skipped>
</testcase>
<testcase name="POM Mock Interview Suite (Setup, Domains, Difficulty, Drill Steps, Evaluation) › INT-19: Active question screen displays question step counter badge" classname="interview.spec.ts">
<skipped>
</skipped>
</testcase>
<testcase name="POM Mock Interview Suite (Setup, Domains, Difficulty, Drill Steps, Evaluation) › INT-20: Active question screen displays non-empty technical question prompt" classname="interview.spec.ts">
<skipped>
</skipped>
</testcase>
<testcase name="POM Mock Interview Suite (Setup, Domains, Difficulty, Drill Steps, Evaluation) › INT-21: Answer textarea accepts candidate text response" classname="interview.spec.ts">
<skipped>
</skipped>
</testcase>
<testcase name="POM Mock Interview Suite (Setup, Domains, Difficulty, Drill Steps, Evaluation) › INT-22: Submit Answer button is enabled and visible on active drill screen" classname="interview.spec.ts">
<skipped>
</skipped>
</testcase>
<testcase name="POM Mock Interview Suite (Setup, Domains, Difficulty, Drill Steps, Evaluation) › INT-23: Submitting answer triggers evaluation loading spinner state text" classname="interview.spec.ts">
<skipped>
</skipped>
</testcase>
<testcase name="POM Mock Interview Suite (Setup, Domains, Difficulty, Drill Steps, Evaluation) › INT-24: Evaluation feedback renders score pill (0-10) after submission" classname="interview.spec.ts">
<skipped>
</skipped>
</testcase>
<testcase name="POM Mock Interview Suite (Setup, Domains, Difficulty, Drill Steps, Evaluation) › INT-25: Evaluation feedback displays Strengths and Improvement suggestions" classname="interview.spec.ts">
<skipped>
</skipped>
</testcase>
<testcase name="POM Mock Interview Suite (Setup, Domains, Difficulty, Drill Steps, Evaluation) › INT-26: Evaluation feedback includes Model Ideal Answer card" classname="interview.spec.ts">
<skipped>
</skipped>
</testcase>
<testcase name="POM Mock Interview Suite (Setup, Domains, Difficulty, Drill Steps, Evaluation) › INT-27: Next Question button advances to subsequent question step" classname="interview.spec.ts">
<skipped>
</skipped>
</testcase>
<testcase name="POM Mock Interview Suite (Setup, Domains, Difficulty, Drill Steps, Evaluation) › INT-28: Short or low quality answer receives feedback warning message" classname="interview.spec.ts">
<skipped>
</skipped>
</testcase>
<testcase name="POM Mock Interview Suite (Setup, Domains, Difficulty, Drill Steps, Evaluation) › INT-29: Empty answer submission prompts candidate warning feedback" classname="interview.spec.ts">
<skipped>
</skipped>
</testcase>
<testcase name="POM Mock Interview Suite (Setup, Domains, Difficulty, Drill Steps, Evaluation) › INT-30: Terminate Session early button exits live drill screen" classname="interview.spec.ts">
<skipped>
</skipped>
</testcase>
<testcase name="POM Mock Interview Suite (Setup, Domains, Difficulty, Drill Steps, Evaluation) › INT-31: Selecting Azure domain selects Azure cloud domain" classname="interview.spec.ts">
<skipped>
</skipped>
</testcase>
<testcase name="POM Mock Interview Suite (Setup, Domains, Difficulty, Drill Steps, Evaluation) › INT-32: Selecting GCP domain selects Google Cloud Platform domain" classname="interview.spec.ts">
<skipped>
</skipped>
</testcase>
<testcase name="POM Mock Interview Suite (Setup, Domains, Difficulty, Drill Steps, Evaluation) › INT-33: Selecting Linux domain selects Linux server administration domain" classname="interview.spec.ts">
<skipped>
</skipped>
</testcase>
<testcase name="POM Mock Interview Suite (Setup, Domains, Difficulty, Drill Steps, Evaluation) › INT-34: Custom domain input text triggers custom role assignment" classname="interview.spec.ts">
<skipped>
</skipped>
</testcase>
<testcase name="POM Mock Interview Suite (Setup, Domains, Difficulty, Drill Steps, Evaluation) › INT-35: Intermediate difficulty button selection state check" classname="interview.spec.ts">
<skipped>
</skipped>
</testcase>
<testcase name="POM Mock Interview Suite (Setup, Domains, Difficulty, Drill Steps, Evaluation) › INT-36: Beginner difficulty button selection state check" classname="interview.spec.ts">
<skipped>
</skipped>
</testcase>
<testcase name="POM Mock Interview Suite (Setup, Domains, Difficulty, Drill Steps, Evaluation) › INT-37: Question count maximum bound check set to 10" classname="interview.spec.ts">
<skipped>
</skipped>
</testcase>
<testcase name="POM Mock Interview Suite (Setup, Domains, Difficulty, Drill Steps, Evaluation) › INT-38: Question count minimum bound check set to 1" classname="interview.spec.ts">
<skipped>
</skipped>
</testcase>
<testcase name="POM Mock Interview Suite (Setup, Domains, Difficulty, Drill Steps, Evaluation) › INT-39: Active drill page shows question domain category tag" classname="interview.spec.ts">
<skipped>
</skipped>
</testcase>
<testcase name="POM Mock Interview Suite (Setup, Domains, Difficulty, Drill Steps, Evaluation) › INT-40: Completed drill session reaches summary report screen" classname="interview.spec.ts">
<skipped>
</skipped>
</testcase>
</testsuite>
<testsuite name="navigation.spec.ts" timestamp="2026-07-22T11:39:25.618Z" hostname="chromium" tests="30" failures="0" skipped="30" time="0" errors="0">
<testcase name="POM Navigation Suite (Bottom Dock, Header, Ask MS Modal, Viewports) › NAV-01: Bottom navigation dock is visible at the bottom of the viewport" classname="navigation.spec.ts">
<skipped>
</skipped>
</testcase>
<testcase name="POM Navigation Suite (Bottom Dock, Header, Ask MS Modal, Viewports) › NAV-02: Bottom nav dock contains 5 primary navigation tabs (Home, Interview, Resume, Analytics, Profile)" classname="navigation.spec.ts">
<skipped>
</skipped>
</testcase>
<testcase name="POM Navigation Suite (Bottom Dock, Header, Ask MS Modal, Viewports) › NAV-03: Default active tab on initial workspace load is Home" classname="navigation.spec.ts">
<skipped>
</skipped>
</testcase>
<testcase name="POM Navigation Suite (Bottom Dock, Header, Ask MS Modal, Viewports) › NAV-04: Clicking Interview tab switches active screen to Interview simulation studio" classname="navigation.spec.ts">
<skipped>
</skipped>
</testcase>
<testcase name="POM Navigation Suite (Bottom Dock, Header, Ask MS Modal, Viewports) › NAV-05: Clicking Resume tab switches active screen to ATS Resume Audit Engine" classname="navigation.spec.ts">
<skipped>
</skipped>
</testcase>
<testcase name="POM Navigation Suite (Bottom Dock, Header, Ask MS Modal, Viewports) › NAV-06: Clicking Analytics tab switches active screen to Performance Analytics" classname="navigation.spec.ts">
<skipped>
</skipped>
</testcase>
<testcase name="POM Navigation Suite (Bottom Dock, Header, Ask MS Modal, Viewports) › NAV-07: Clicking Profile tab switches active screen to Candidate Profile" classname="navigation.spec.ts">
<skipped>
</skipped>
</testcase>
<testcase name="POM Navigation Suite (Bottom Dock, Header, Ask MS Modal, Viewports) › NAV-08: Header brand title renders PrepWise AI text and sparkles icon" classname="navigation.spec.ts">
<skipped>
</skipped>
</testcase>
<testcase name="POM Navigation Suite (Bottom Dock, Header, Ask MS Modal, Viewports) › NAV-09: Header status indicator badge displays SYS ACTIVE" classname="navigation.spec.ts">
<skipped>
</skipped>
</testcase>
<testcase name="POM Navigation Suite (Bottom Dock, Header, Ask MS Modal, Viewports) › NAV-10: Lead Coach Talk with Lead Coach banner trigger opens mentor chat modal overlay" classname="navigation.spec.ts">
<skipped>
</skipped>
</testcase>
<testcase name="POM Navigation Suite (Bottom Dock, Header, Ask MS Modal, Viewports) › NAV-11: Ask MS mentor chat modal close button dismisses modal overlay" classname="navigation.spec.ts">
<skipped>
</skipped>
</testcase>
<testcase name="POM Navigation Suite (Bottom Dock, Header, Ask MS Modal, Viewports) › NAV-12: Ask MS mentor chat accepts candidate questions and appends message" classname="navigation.spec.ts">
<skipped>
</skipped>
</testcase>
<testcase name="POM Navigation Suite (Bottom Dock, Header, Ask MS Modal, Viewports) › NAV-13: Ask MS mentor suggestion pills inject pre-formulated prompts" classname="navigation.spec.ts">
<skipped>
</skipped>
</testcase>
<testcase name="POM Navigation Suite (Bottom Dock, Header, Ask MS Modal, Viewports) › NAV-14: Ask MS mentor offline fallback generates advice response" classname="navigation.spec.ts">
<skipped>
</skipped>
</testcase>
<testcase name="POM Navigation Suite (Bottom Dock, Header, Ask MS Modal, Viewports) › NAV-15: DevOps Hub card button on home panel navigates to CloudHub component" classname="navigation.spec.ts">
<skipped>
</skipped>
</testcase>
<testcase name="POM Navigation Suite (Bottom Dock, Header, Ask MS Modal, Viewports) › NAV-16: CloudHub component renders AWS Blueprints deployment card" classname="navigation.spec.ts">
<skipped>
</skipped>
</testcase>
<testcase name="POM Navigation Suite (Bottom Dock, Header, Ask MS Modal, Viewports) › NAV-17: CloudHub component renders Containerization Docker section" classname="navigation.spec.ts">
<skipped>
</skipped>
</testcase>
<testcase name="POM Navigation Suite (Bottom Dock, Header, Ask MS Modal, Viewports) › NAV-18: CloudHub component renders Continuous Integration pipelines section" classname="navigation.spec.ts">
<skipped>
</skipped>
</testcase>
<testcase name="POM Navigation Suite (Bottom Dock, Header, Ask MS Modal, Viewports) › NAV-19: CloudHub terminal command block copy action triggers toast notification" classname="navigation.spec.ts">
<skipped>
</skipped>
</testcase>
<testcase name="POM Navigation Suite (Bottom Dock, Header, Ask MS Modal, Viewports) › NAV-20: Toast notification container pops up and auto-dismisses" classname="navigation.spec.ts">
<skipped>
</skipped>
</testcase>
<testcase name="POM Navigation Suite (Bottom Dock, Header, Ask MS Modal, Viewports) › NAV-21: Historic detail modal overlay backdrop traps click events correctly" classname="navigation.spec.ts">
<skipped>
</skipped>
</testcase>
<testcase name="POM Navigation Suite (Bottom Dock, Header, Ask MS Modal, Viewports) › NAV-22: Historic detail modal overlay back button closes modal" classname="navigation.spec.ts">
<skipped>
</skipped>
</testcase>
<testcase name="POM Navigation Suite (Bottom Dock, Header, Ask MS Modal, Viewports) › NAV-23: Application layout scales properly on mobile screen (375px)" classname="navigation.spec.ts">
<skipped>
</skipped>
</testcase>
<testcase name="POM Navigation Suite (Bottom Dock, Header, Ask MS Modal, Viewports) › NAV-24: Application layout scales properly on desktop screen (1440px)" classname="navigation.spec.ts">
<skipped>
</skipped>
</testcase>
<testcase name="POM Navigation Suite (Bottom Dock, Header, Ask MS Modal, Viewports) › NAV-25: Direct tab navigation maintains clean state transitions without page reload" classname="navigation.spec.ts">
<skipped>
</skipped>
</testcase>
<testcase name="POM Navigation Suite (Bottom Dock, Header, Ask MS Modal, Viewports) › NAV-26: Header profile button navigates directly to Candidate Profile tab" classname="navigation.spec.ts">
<skipped>
</skipped>
</testcase>
<testcase name="POM Navigation Suite (Bottom Dock, Header, Ask MS Modal, Viewports) › NAV-27: Mobile navigation dock is fixed at bottom with 5 icon buttons" classname="navigation.spec.ts">
<skipped>
</skipped>
</testcase>
<testcase name="POM Navigation Suite (Bottom Dock, Header, Ask MS Modal, Viewports) › NAV-28: Active nav tab button applies scale and color styling" classname="navigation.spec.ts">
<skipped>
</skipped>
</testcase>
<testcase name="POM Navigation Suite (Bottom Dock, Header, Ask MS Modal, Viewports) › NAV-29: Tablet navigation dock renders icons and labels clearly" classname="navigation.spec.ts">
<skipped>
</skipped>
</testcase>
<testcase name="POM Navigation Suite (Bottom Dock, Header, Ask MS Modal, Viewports) › NAV-30: Lead Coach chat input box supports Enter key submission" classname="navigation.spec.ts">
<skipped>
</skipped>
</testcase>
</testsuite>
<testsuite name="performance-a11y-visual.spec.ts" timestamp="2026-07-22T11:39:25.618Z" hostname="chromium" tests="40" failures="0" skipped="40" time="0" errors="0">
<testcase name="POM Performance, Accessibility (A11y) &amp; Visual Suite (40 Tests) › PERF-01: Home page DOMContentLoaded time is within acceptable limits (&lt;3000ms)" classname="performance-a11y-visual.spec.ts">
<skipped>
</skipped>
</testcase>
<testcase name="POM Performance, Accessibility (A11y) &amp; Visual Suite (40 Tests) › PERF-02: Home page total load duration is within limits (&lt;5000ms)" classname="performance-a11y-visual.spec.ts">
<skipped>
</skipped>
</testcase>
<testcase name="POM Performance, Accessibility (A11y) &amp; Visual Suite (40 Tests) › PERF-03: Navigating between tabs executes without severe main thread delay" classname="performance-a11y-visual.spec.ts">
<skipped>
</skipped>
</testcase>
<testcase name="POM Performance, Accessibility (A11y) &amp; Visual Suite (40 Tests) › A11Y-01: Header element contains semantic banner or status structure" classname="performance-a11y-visual.spec.ts">
<skipped>
</skipped>
</testcase>
<testcase name="POM Performance, Accessibility (A11y) &amp; Visual Suite (40 Tests) › A11Y-02: Main viewport container contains semantic main HTML tag" classname="performance-a11y-visual.spec.ts">
<skipped>
</skipped>
</testcase>
<testcase name="POM Performance, Accessibility (A11y) &amp; Visual Suite (40 Tests) › A11Y-03: Navigation dock contains semantic nav HTML tag" classname="performance-a11y-visual.spec.ts">
<skipped>
</skipped>
</testcase>
<testcase name="POM Performance, Accessibility (A11y) &amp; Visual Suite (40 Tests) › A11Y-04: Header brand H1 heading element is present for screen readers" classname="performance-a11y-visual.spec.ts">
<skipped>
</skipped>
</testcase>
<testcase name="POM Performance, Accessibility (A11y) &amp; Visual Suite (40 Tests) › A11Y-05: Bottom nav dock buttons have visible accessible text labels" classname="performance-a11y-visual.spec.ts">
<skipped>
</skipped>
</testcase>
<testcase name="POM Performance, Accessibility (A11y) &amp; Visual Suite (40 Tests) › A11Y-06: Interactive buttons possess cursor-pointer styling for visual feedback" classname="performance-a11y-visual.spec.ts">
<skipped>
</skipped>
</testcase>
<testcase name="POM Performance, Accessibility (A11y) &amp; Visual Suite (40 Tests) › A11Y-07: Text elements have sufficient contrast ratio over dark background" classname="performance-a11y-visual.spec.ts">
<skipped>
</skipped>
</testcase>
<testcase name="POM Performance, Accessibility (A11y) &amp; Visual Suite (40 Tests) › VIS-01: Candidate header name rendering snapshot check" classname="performance-a11y-visual.spec.ts">
<skipped>
</skipped>
</testcase>
<testcase name="POM Performance, Accessibility (A11y) &amp; Visual Suite (40 Tests) › VIS-02: Target career goal badge visual status check" classname="performance-a11y-visual.spec.ts">
<skipped>
</skipped>
</testcase>
<testcase name="POM Performance, Accessibility (A11y) &amp; Visual Suite (40 Tests) › VIS-03: Streak counter flame icon visual status check" classname="performance-a11y-visual.spec.ts">
<skipped>
</skipped>
</testcase>
<testcase name="POM Performance, Accessibility (A11y) &amp; Visual Suite (40 Tests) › VIS-04: Dashboard banner background gradient visual status check" classname="performance-a11y-visual.spec.ts">
<skipped>
</skipped>
</testcase>
<testcase name="POM Performance, Accessibility (A11y) &amp; Visual Suite (40 Tests) › VIS-05: Bottom nav dock blur glassmorphism background styling check" classname="performance-a11y-visual.spec.ts">
<skipped>
</skipped>
</testcase>
<testcase name="POM Performance, Accessibility (A11y) &amp; Visual Suite (40 Tests) › A11Y-08: Form text inputs have associated placeholder text guidance" classname="performance-a11y-visual.spec.ts">
<skipped>
</skipped>
</testcase>
<testcase name="POM Performance, Accessibility (A11y) &amp; Visual Suite (40 Tests) › A11Y-09: Action buttons exhibit hover focus transition states" classname="performance-a11y-visual.spec.ts">
<skipped>
</skipped>
</testcase>
<testcase name="POM Performance, Accessibility (A11y) &amp; Visual Suite (40 Tests) › A11Y-10: Main heading tags follow hierarchical structure (H1 -&gt; H2 -&gt; H3)" classname="performance-a11y-visual.spec.ts">
<skipped>
</skipped>
</testcase>
<testcase name="POM Performance, Accessibility (A11y) &amp; Visual Suite (40 Tests) › PERF-04: Resume analyzer page navigation timing is fast (&lt;3000ms)" classname="performance-a11y-visual.spec.ts">
<skipped>
</skipped>
</testcase>
<testcase name="POM Performance, Accessibility (A11y) &amp; Visual Suite (40 Tests) › PERF-05: Simulation studio setup page navigation timing is fast (&lt;3000ms)" classname="performance-a11y-visual.spec.ts">
<skipped>
</skipped>
</testcase>
<testcase name="POM Performance, Accessibility (A11y) &amp; Visual Suite (40 Tests) › PERF-06: Profile page navigation timing is fast (&lt;3000ms)" classname="performance-a11y-visual.spec.ts">
<skipped>
</skipped>
</testcase>
<testcase name="POM Performance, Accessibility (A11y) &amp; Visual Suite (40 Tests) › A11Y-11: Lead Coach chat modal trigger has keyboard clickability" classname="performance-a11y-visual.spec.ts">
<skipped>
</skipped>
</testcase>
<testcase name="POM Performance, Accessibility (A11y) &amp; Visual Suite (40 Tests) › A11Y-12: System status pulse dot has visual active pulse animation class" classname="performance-a11y-visual.spec.ts">
<skipped>
</skipped>
</testcase>
<testcase name="POM Performance, Accessibility (A11y) &amp; Visual Suite (40 Tests) › A11Y-13: Score percentages present clear contrast color indicators" classname="performance-a11y-visual.spec.ts">
<skipped>
</skipped>
</testcase>
<testcase name="POM Performance, Accessibility (A11y) &amp; Visual Suite (40 Tests) › VIS-06: Progress metrics index card visual rendering" classname="performance-a11y-visual.spec.ts">
<skipped>
</skipped>
</testcase>
<testcase name="POM Performance, Accessibility (A11y) &amp; Visual Suite (40 Tests) › VIS-07: Appraisal rating card visual rendering" classname="performance-a11y-visual.spec.ts">
<skipped>
</skipped>
</testcase>
<testcase name="POM Performance, Accessibility (A11y) &amp; Visual Suite (40 Tests) › VIS-08: Quick start preparation units grid layout rendering" classname="performance-a11y-visual.spec.ts">
<skipped>
</skipped>
</testcase>
<testcase name="POM Performance, Accessibility (A11y) &amp; Visual Suite (40 Tests) › PERF-07: Rapid session state reset completes under 2000ms" classname="performance-a11y-visual.spec.ts">
<skipped>
</skipped>
</testcase>
<testcase name="POM Performance, Accessibility (A11y) &amp; Visual Suite (40 Tests) › PERF-08: LocalStorage write operations execute instantly (&lt;500ms)" classname="performance-a11y-visual.spec.ts">
<skipped>
</skipped>
</testcase>
<testcase name="POM Performance, Accessibility (A11y) &amp; Visual Suite (40 Tests) › A11Y-14: Modal backdrop overlays mask background interaction" classname="performance-a11y-visual.spec.ts">
<skipped>
</skipped>
</testcase>
<testcase name="POM Performance, Accessibility (A11y) &amp; Visual Suite (40 Tests) › A11Y-15: Historic session detail view provides accessible Back button" classname="performance-a11y-visual.spec.ts">
<skipped>
</skipped>
</testcase>
<testcase name="POM Performance, Accessibility (A11y) &amp; Visual Suite (40 Tests) › VIS-09: Modal composite score heading visual typography check" classname="performance-a11y-visual.spec.ts">
<skipped>
</skipped>
</testcase>
<testcase name="POM Performance, Accessibility (A11y) &amp; Visual Suite (40 Tests) › VIS-10: Modal metrics 5-column breakdown grid layout check" classname="performance-a11y-visual.spec.ts">
<skipped>
</skipped>
</testcase>
<testcase name="POM Performance, Accessibility (A11y) &amp; Visual Suite (40 Tests) › PERF-09: Multi-tab navigation cycle maintains smooth performance (&lt;4000ms)" classname="performance-a11y-visual.spec.ts">
<skipped>
</skipped>
</testcase>
<testcase name="POM Performance, Accessibility (A11y) &amp; Visual Suite (40 Tests) › A11Y-16: Candidate goal text uses uppercase font mono styling" classname="performance-a11y-visual.spec.ts">
<skipped>
</skipped>
</testcase>
<testcase name="POM Performance, Accessibility (A11y) &amp; Visual Suite (40 Tests) › A11Y-17: Toast container uses fixed top right positioning for unobtrusive notifications" classname="performance-a11y-visual.spec.ts">
<skipped>
</skipped>
</testcase>
<testcase name="POM Performance, Accessibility (A11y) &amp; Visual Suite (40 Tests) › VIS-11: Responsive layout adaptiveness on Pixel 5 mobile viewport" classname="performance-a11y-visual.spec.ts">
<skipped>
</skipped>
</testcase>
<testcase name="POM Performance, Accessibility (A11y) &amp; Visual Suite (40 Tests) › VIS-12: Responsive layout adaptiveness on iPad tablet viewport" classname="performance-a11y-visual.spec.ts">
<skipped>
</skipped>
</testcase>
<testcase name="POM Performance, Accessibility (A11y) &amp; Visual Suite (40 Tests) › VIS-13: Responsive layout adaptiveness on Desktop 1440px viewport" classname="performance-a11y-visual.spec.ts">
<skipped>
</skipped>
</testcase>
<testcase name="POM Performance, Accessibility (A11y) &amp; Visual Suite (40 Tests) › PERF-10: Memory retention check after multiple tab navigations" classname="performance-a11y-visual.spec.ts">
<skipped>
</skipped>
</testcase>
</testsuite>
<testsuite name="profile.spec.ts" timestamp="2026-07-22T11:39:25.618Z" hostname="chromium" tests="30" failures="0" skipped="30" time="0" errors="0">
<testcase name="POM Profile &amp; Settings Suite (Candidate Settings, Goals, Cache Teardown) › PROF-01: Navigating to Profile tab displays Candidate Profile &amp; Settings header" classname="profile.spec.ts">
<skipped>
</skipped>
</testcase>
<testcase name="POM Profile &amp; Settings Suite (Candidate Settings, Goals, Cache Teardown) › PROF-02: Header displays subtext explaining profile configuration parameters" classname="profile.spec.ts">
<skipped>
</skipped>
</testcase>
<testcase name="POM Profile &amp; Settings Suite (Candidate Settings, Goals, Cache Teardown) › PROF-03: Full name input field displays current candidate name" classname="profile.spec.ts">
<skipped>
</skipped>
</testcase>
<testcase name="POM Profile &amp; Settings Suite (Candidate Settings, Goals, Cache Teardown) › PROF-04: Full name input field allows updating candidate name" classname="profile.spec.ts">
<skipped>
</skipped>
</testcase>
<testcase name="POM Profile &amp; Settings Suite (Candidate Settings, Goals, Cache Teardown) › PROF-05: Target career goal input field displays current goal" classname="profile.spec.ts">
<skipped>
</skipped>
</testcase>
<testcase name="POM Profile &amp; Settings Suite (Candidate Settings, Goals, Cache Teardown) › PROF-06: Target career goal input field allows updating goal" classname="profile.spec.ts">
<skipped>
</skipped>
</testcase>
<testcase name="POM Profile &amp; Settings Suite (Candidate Settings, Goals, Cache Teardown) › PROF-07: Primary email address field displays candidate email" classname="profile.spec.ts">
<skipped>
</skipped>
</testcase>
<testcase name="POM Profile &amp; Settings Suite (Candidate Settings, Goals, Cache Teardown) › PROF-08: Save Profile Settings button is visible and enabled" classname="profile.spec.ts">
<skipped>
</skipped>
</testcase>
<testcase name="POM Profile &amp; Settings Suite (Candidate Settings, Goals, Cache Teardown) › PROF-09: Clicking Save Profile Settings updates candidate name in header and LocalStorage" classname="profile.spec.ts">
<skipped>
</skipped>
</testcase>
<testcase name="POM Profile &amp; Settings Suite (Candidate Settings, Goals, Cache Teardown) › PROF-10: Clicking Save Profile Settings updates career goal in LocalStorage" classname="profile.spec.ts">
<skipped>
</skipped>
</testcase>
<testcase name="POM Profile &amp; Settings Suite (Candidate Settings, Goals, Cache Teardown) › PROF-11: Workspace Storage section header is rendered" classname="profile.spec.ts">
<skipped>
</skipped>
</testcase>
<testcase name="POM Profile &amp; Settings Suite (Candidate Settings, Goals, Cache Teardown) › PROF-12: Reset App Workspace &amp; Caches button is visible" classname="profile.spec.ts">
<skipped>
</skipped>
</testcase>
<testcase name="POM Profile &amp; Settings Suite (Candidate Settings, Goals, Cache Teardown) › PROF-13: Clicking Reset App Workspace displays confirmation info toast message" classname="profile.spec.ts">
<skipped>
</skipped>
</testcase>
<testcase name="POM Profile &amp; Settings Suite (Candidate Settings, Goals, Cache Teardown) › PROF-14: Resetting database cache resets streak count to 1 day" classname="profile.spec.ts">
<skipped>
</skipped>
</testcase>
<testcase name="POM Profile &amp; Settings Suite (Candidate Settings, Goals, Cache Teardown) › PROF-15: Cloud Infrastructure Status panel displays Firebase connection badge" classname="profile.spec.ts">
<skipped>
</skipped>
</testcase>
<testcase name="POM Profile &amp; Settings Suite (Candidate Settings, Goals, Cache Teardown) › PROF-16: Sign Out Session button is rendered in red/destructive styling" classname="profile.spec.ts">
<skipped>
</skipped>
</testcase>
<testcase name="POM Profile &amp; Settings Suite (Candidate Settings, Goals, Cache Teardown) › PROF-17: Clicking Sign Out Session disconnects active workspace session" classname="profile.spec.ts">
<skipped>
</skipped>
</testcase>
<testcase name="POM Profile &amp; Settings Suite (Candidate Settings, Goals, Cache Teardown) › PROF-18: Sign out toast notification displays Session disconnected text" classname="profile.spec.ts">
<skipped>
</skipped>
</testcase>
<testcase name="POM Profile &amp; Settings Suite (Candidate Settings, Goals, Cache Teardown) › PROF-19: Header profile button navigates directly to Profile tab" classname="profile.spec.ts">
<skipped>
</skipped>
</testcase>
<testcase name="POM Profile &amp; Settings Suite (Candidate Settings, Goals, Cache Teardown) › PROF-20: Candidate avatar icon box renders user initials or avatar icon" classname="profile.spec.ts">
<skipped>
</skipped>
</testcase>
<testcase name="POM Profile &amp; Settings Suite (Candidate Settings, Goals, Cache Teardown) › PROF-21: Platform version and build metadata display card is visible" classname="profile.spec.ts">
<skipped>
</skipped>
</testcase>
<testcase name="POM Profile &amp; Settings Suite (Candidate Settings, Goals, Cache Teardown) › PROF-22: System security badge indicates client-side encryption state" classname="profile.spec.ts">
<skipped>
</skipped>
</testcase>
<testcase name="POM Profile &amp; Settings Suite (Candidate Settings, Goals, Cache Teardown) › PROF-23: Empty profile name submission shows error toast prompt" classname="profile.spec.ts">
<skipped>
</skipped>
</testcase>
<testcase name="POM Profile &amp; Settings Suite (Candidate Settings, Goals, Cache Teardown) › PROF-24: Updated candidate profile reflects immediately across header and home screen" classname="profile.spec.ts">
<skipped>
</skipped>
</testcase>
<testcase name="POM Profile &amp; Settings Suite (Candidate Settings, Goals, Cache Teardown) › PROF-25: Profile tab controls are responsive on tablet viewports" classname="profile.spec.ts">
<skipped>
</skipped>
</testcase>
<testcase name="POM Profile &amp; Settings Suite (Candidate Settings, Goals, Cache Teardown) › PROF-26: Profile tab controls are responsive on mobile viewports 375px" classname="profile.spec.ts">
<skipped>
</skipped>
</testcase>
<testcase name="POM Profile &amp; Settings Suite (Candidate Settings, Goals, Cache Teardown) › PROF-27: Profile tab controls are responsive on desktop viewports 1440px" classname="profile.spec.ts">
<skipped>
</skipped>
</testcase>
<testcase name="POM Profile &amp; Settings Suite (Candidate Settings, Goals, Cache Teardown) › PROF-28: Primary Email field is disabled for guest mode to prevent corrupting auth handle" classname="profile.spec.ts">
<skipped>
</skipped>
</testcase>
<testcase name="POM Profile &amp; Settings Suite (Candidate Settings, Goals, Cache Teardown) › PROF-29: Security info box displays Encrypted Session subtext on profile screen" classname="profile.spec.ts">
<skipped>
</skipped>
</testcase>
<testcase name="POM Profile &amp; Settings Suite (Candidate Settings, Goals, Cache Teardown) › PROF-30: Resetting workspace cache clears target job description state" classname="profile.spec.ts">
<skipped>
</skipped>
</testcase>
</testsuite>
<testsuite name="regression.spec.ts" timestamp="2026-07-22T11:39:25.618Z" hostname="chromium" tests="30" failures="0" skipped="30" time="0" errors="0">
<testcase name="POM Regression &amp; End-to-End Suite › REG-01: Full user journey from Splash -&gt; Guest Login -&gt; Home Dashboard" classname="regression.spec.ts">
<skipped>
</skipped>
</testcase>
<testcase name="POM Regression &amp; End-to-End Suite › REG-02: Full user journey from Login -&gt; Edit Profile -&gt; Verify Header update" classname="regression.spec.ts">
<skipped>
</skipped>
</testcase>
<testcase name="POM Regression &amp; End-to-End Suite › REG-03: Full user journey from Setup Interview -&gt; Answer Question -&gt; Check Results" classname="regression.spec.ts">
<skipped>
</skipped>
</testcase>
<testcase name="POM Regression &amp; End-to-End Suite › REG-04: Full user journey from ATS Resume Input -&gt; Analyze -&gt; Verify Match Gauge" classname="regression.spec.ts">
<skipped>
</skipped>
</testcase>
<testcase name="POM Regression &amp; End-to-End Suite › REG-05: Lead Coach Chat message exchange and response verification" classname="regression.spec.ts">
<skipped>
</skipped>
</testcase>
<testcase name="POM Regression &amp; End-to-End Suite › REG-06: CloudHub DevOps blueprints tab browsing" classname="regression.spec.ts">
<skipped>
</skipped>
</testcase>
<testcase name="POM Regression &amp; End-to-End Suite › REG-07: Historic session log item opening, detail review, and dismissal" classname="regression.spec.ts">
<skipped>
</skipped>
</testcase>
<testcase name="POM Regression &amp; End-to-End Suite › REG-08: Workspace cache reset teardown regression check" classname="regression.spec.ts">
<skipped>
</skipped>
</testcase>
<testcase name="POM Regression &amp; End-to-End Suite › REG-09: Invalid password login error toast regression check" classname="regression.spec.ts">
<skipped>
</skipped>
</testcase>
<testcase name="POM Regression &amp; End-to-End Suite › REG-10: Pinned question setup regression check" classname="regression.spec.ts">
<skipped>
</skipped>
</testcase>
<testcase name="POM Regression &amp; End-to-End Suite › REG-11: Custom domain input state retention regression check" classname="regression.spec.ts">
<skipped>
</skipped>
</testcase>
<testcase name="POM Regression &amp; End-to-End Suite › REG-12: Target company state retention regression check" classname="regression.spec.ts">
<skipped>
</skipped>
</testcase>
<testcase name="POM Regression &amp; End-to-End Suite › REG-13: ATS score progress bar rendering regression check" classname="regression.spec.ts">
<skipped>
</skipped>
</testcase>
<testcase name="POM Regression &amp; End-to-End Suite › REG-14: Forgot password mode toggle back and forth regression check" classname="regression.spec.ts">
<skipped>
</skipped>
</testcase>
<testcase name="POM Regression &amp; End-to-End Suite › REG-15: View Logs link on dashboard navigation regression check" classname="regression.spec.ts">
<skipped>
</skipped>
</testcase>
<testcase name="POM Regression &amp; End-to-End Suite › REG-16: Candidate goal update regression check" classname="regression.spec.ts">
<skipped>
</skipped>
</testcase>
<testcase name="POM Regression &amp; End-to-End Suite › REG-17: Mobile viewport navigation menu regression check" classname="regression.spec.ts">
<skipped>
</skipped>
</testcase>
<testcase name="POM Regression &amp; End-to-End Suite › REG-18: Desktop viewport full dashboard layout regression check" classname="regression.spec.ts">
<skipped>
</skipped>
</testcase>
<testcase name="POM Regression &amp; End-to-End Suite › REG-19: Sign out teardown clears LocalStorage auth key regression check" classname="regression.spec.ts">
<skipped>
</skipped>
</testcase>
<testcase name="POM Regression &amp; End-to-End Suite › REG-20: Re-authentication after logout regression check" classname="regression.spec.ts">
<skipped>
</skipped>
</testcase>
<testcase name="POM Regression &amp; End-to-End Suite › REG-21: Multi-question drill step counter increment regression check" classname="regression.spec.ts">
<skipped>
</skipped>
</testcase>
<testcase name="POM Regression &amp; End-to-End Suite › REG-22: Resume clear button regression check" classname="regression.spec.ts">
<skipped>
</skipped>
</testcase>
<testcase name="POM Regression &amp; End-to-End Suite › REG-23: Empty answer evaluation response regression check" classname="regression.spec.ts">
<skipped>
</skipped>
</testcase>
<testcase name="POM Regression &amp; End-to-End Suite › REG-24: Gibberish answer evaluation response regression check" classname="regression.spec.ts">
<skipped>
</skipped>
</testcase>
<testcase name="POM Regression &amp; End-to-End Suite › REG-25: Ideal answer fallback rendering regression check" classname="regression.spec.ts">
<skipped>
</skipped>
</testcase>
<testcase name="POM Regression &amp; End-to-End Suite › REG-26: Header avatar click direct profile navigation regression check" classname="regression.spec.ts">
<skipped>
</skipped>
</testcase>
<testcase name="POM Regression &amp; End-to-End Suite › REG-27: Rapid tab navigation state consistency regression check" classname="regression.spec.ts">
<skipped>
</skipped>
</testcase>
<testcase name="POM Regression &amp; End-to-End Suite › REG-28: Lead Coach suggestion pill trigger regression check" classname="regression.spec.ts">
<skipped>
</skipped>
</testcase>
<testcase name="POM Regression &amp; End-to-End Suite › REG-29: ATS Scanner button link on home panel regression check" classname="regression.spec.ts">
<skipped>
</skipped>
</testcase>
<testcase name="POM Regression &amp; End-to-End Suite › REG-30: Interactive Mock Drills button link on home panel regression check" classname="regression.spec.ts">
<skipped>
</skipped>
</testcase>
</testsuite>
<testsuite name="resume.spec.ts" timestamp="2026-07-22T11:39:25.618Z" hostname="chromium" tests="40" failures="0" skipped="40" time="0" errors="0">
<testcase name="POM Resume Analyzer Suite (ATS Audit Engine, Parsing, Skills Tags, Keyword Matrix) › RES-01: Navigating to Resume tab displays ATS Resume Audit Engine header" classname="resume.spec.ts">
<skipped>
</skipped>
</testcase>
<testcase name="POM Resume Analyzer Suite (ATS Audit Engine, Parsing, Skills Tags, Keyword Matrix) › RES-02: Header displays subtext explaining ATS parsing functionality" classname="resume.spec.ts">
<skipped>
</skipped>
</testcase>
<testcase name="POM Resume Analyzer Suite (ATS Audit Engine, Parsing, Skills Tags, Keyword Matrix) › RES-03: File dropzone area renders with upload cloud icon element" classname="resume.spec.ts">
<skipped>
</skipped>
</testcase>
<testcase name="POM Resume Analyzer Suite (ATS Audit Engine, Parsing, Skills Tags, Keyword Matrix) › RES-04: Supported formats badge indicates PDF and TXT file support" classname="resume.spec.ts">
<skipped>
</skipped>
</testcase>
<testcase name="POM Resume Analyzer Suite (ATS Audit Engine, Parsing, Skills Tags, Keyword Matrix) › RES-05: Raw resume text area accepts pasted content" classname="resume.spec.ts">
<skipped>
</skipped>
</testcase>
<testcase name="POM Resume Analyzer Suite (ATS Audit Engine, Parsing, Skills Tags, Keyword Matrix) › RES-06: Target job description textarea accepts custom job requirements" classname="resume.spec.ts">
<skipped>
</skipped>
</testcase>
<testcase name="POM Resume Analyzer Suite (ATS Audit Engine, Parsing, Skills Tags, Keyword Matrix) › RES-07: Analyze Resume Compliance button is visible and active" classname="resume.spec.ts">
<skipped>
</skipped>
</testcase>
<testcase name="POM Resume Analyzer Suite (ATS Audit Engine, Parsing, Skills Tags, Keyword Matrix) › RES-08: Clicking Analyze Resume Compliance with empty input prompts error toast" classname="resume.spec.ts">
<skipped>
</skipped>
</testcase>
<testcase name="POM Resume Analyzer Suite (ATS Audit Engine, Parsing, Skills Tags, Keyword Matrix) › RES-09: Triggering analysis with valid text displays scanning loader state text" classname="resume.spec.ts">
<skipped>
</skipped>
</testcase>
[...]
<skipped>
</skipped>
</testcase>
<testcase name="POM Regression &amp; End-to-End Suite › REG-26: Header avatar click direct profile navigation regression check" classname="regression.spec.ts">
<skipped>
</skipped>
</testcase>
<testcase name="POM Regression &amp; End-to-End Suite › REG-27: Rapid tab navigation state consistency regression check" classname="regression.spec.ts">
<skipped>
</skipped>
</testcase>
<testcase name="POM Regression &amp; End-to-End Suite › REG-28: Lead Coach suggestion pill trigger regression check" classname="regression.spec.ts">
<skipped>
</skipped>
</testcase>
<testcase name="POM Regression &amp; End-to-End Suite › REG-29: ATS Scanner button link on home panel regression check" classname="regression.spec.ts">
<skipped>
</skipped>
</testcase>
<testcase name="POM Regression &amp; End-to-End Suite › REG-30: Interactive Mock Drills button link on home panel regression check" classname="regression.spec.ts">
<skipped>
</skipped>
</testcase>
</testsuite>
<testsuite name="resume.spec.ts" timestamp="2026-07-22T11:39:25.618Z" hostname="mobile-safari" tests="40" failures="0" skipped="40" time="0" errors="0">
<testcase name="POM Resume Analyzer Suite (ATS Audit Engine, Parsing, Skills Tags, Keyword Matrix) › RES-01: Navigating to Resume tab displays ATS Resume Audit Engine header" classname="resume.spec.ts">
<skipped>
</skipped>
</testcase>
<testcase name="POM Resume Analyzer Suite (ATS Audit Engine, Parsing, Skills Tags, Keyword Matrix) › RES-02: Header displays subtext explaining ATS parsing functionality" classname="resume.spec.ts">
<skipped>
</skipped>
</testcase>
<testcase name="POM Resume Analyzer Suite (ATS Audit Engine, Parsing, Skills Tags, Keyword Matrix) › RES-03: File dropzone area renders with upload cloud icon element" classname="resume.spec.ts">
<skipped>
</skipped>
</testcase>
<testcase name="POM Resume Analyzer Suite (ATS Audit Engine, Parsing, Skills Tags, Keyword Matrix) › RES-04: Supported formats badge indicates PDF and TXT file support" classname="resume.spec.ts">
<skipped>
</skipped>
</testcase>
<testcase name="POM Resume Analyzer Suite (ATS Audit Engine, Parsing, Skills Tags, Keyword Matrix) › RES-05: Raw resume text area accepts pasted content" classname="resume.spec.ts">
<skipped>
</skipped>
</testcase>
<testcase name="POM Resume Analyzer Suite (ATS Audit Engine, Parsing, Skills Tags, Keyword Matrix) › RES-06: Target job description textarea accepts custom job requirements" classname="resume.spec.ts">
<skipped>
</skipped>
</testcase>
<testcase name="POM Resume Analyzer Suite (ATS Audit Engine, Parsing, Skills Tags, Keyword Matrix) › RES-07: Analyze Resume Compliance button is visible and active" classname="resume.spec.ts">
<skipped>
</skipped>
</testcase>
<testcase name="POM Resume Analyzer Suite (ATS Audit Engine, Parsing, Skills Tags, Keyword Matrix) › RES-08: Clicking Analyze Resume Compliance with empty input prompts error toast" classname="resume.spec.ts">
<skipped>
</skipped>
</testcase>
<testcase name="POM Resume Analyzer Suite (ATS Audit Engine, Parsing, Skills Tags, Keyword Matrix) › RES-09: Triggering analysis with valid text displays scanning loader state text" classname="resume.spec.ts">
<skipped>
</skipped>
</testcase>
<testcase name="POM Resume Analyzer Suite (ATS Audit Engine, Parsing, Skills Tags, Keyword Matrix) › RES-10: Analysis results screen renders ATS Match Score gauge percentage" classname="resume.spec.ts">
<skipped>
</skipped>
</testcase>
<testcase name="POM Resume Analyzer Suite (ATS Audit Engine, Parsing, Skills Tags, Keyword Matrix) › RES-11: Analysis results screen renders Suitability Verdict badge tag" classname="resume.spec.ts">
<skipped>
</skipped>
</testcase>
<testcase name="POM Resume Analyzer Suite (ATS Audit Engine, Parsing, Skills Tags, Keyword Matrix) › RES-12: Analysis results screen renders Executive Summary explanation box" classname="resume.spec.ts">
<skipped>
</skipped>
</testcase>
<testcase name="POM Resume Analyzer Suite (ATS Audit Engine, Parsing, Skills Tags, Keyword Matrix) › RES-13: Analysis results lists identified core skills tags" classname="resume.spec.ts">
<skipped>
</skipped>
</testcase>
<testcase name="POM Resume Analyzer Suite (ATS Audit Engine, Parsing, Skills Tags, Keyword Matrix) › RES-14: Analysis results lists missing target skills tags" classname="resume.spec.ts">
<skipped>
</skipped>
</testcase>
<testcase name="POM Resume Analyzer Suite (ATS Audit Engine, Parsing, Skills Tags, Keyword Matrix) › RES-15: Analysis results section renders Core Strengths list" classname="resume.spec.ts">
<skipped>
</skipped>
</testcase>
<testcase name="POM Resume Analyzer Suite (ATS Audit Engine, Parsing, Skills Tags, Keyword Matrix) › RES-16: Analysis results section renders Recommended Improvements list" classname="resume.spec.ts">
<skipped>
</skipped>
</testcase>
<testcase name="POM Resume Analyzer Suite (ATS Audit Engine, Parsing, Skills Tags, Keyword Matrix) › RES-17: Analysis results section renders Keyword Alignment Matrix grid" classname="resume.spec.ts">
<skipped>
</skipped>
</testcase>
<testcase name="POM Resume Analyzer Suite (ATS Audit Engine, Parsing, Skills Tags, Keyword Matrix) › RES-18: Analysis results section renders Action Items to Add checklist" classname="resume.spec.ts">
<skipped>
</skipped>
</testcase>
<testcase name="POM Resume Analyzer Suite (ATS Audit Engine, Parsing, Skills Tags, Keyword Matrix) › RES-19: Audit Another Resume button resets analyzer inputs" classname="resume.spec.ts">
<skipped>
</skipped>
</testcase>
<testcase name="POM Resume Analyzer Suite (ATS Audit Engine, Parsing, Skills Tags, Keyword Matrix) › RES-20: Resume analysis results are cached in LocalStorage (pw_resume_analysis)" classname="resume.spec.ts">
<skipped>
</skipped>
</testcase>
<testcase name="POM Resume Analyzer Suite (ATS Audit Engine, Parsing, Skills Tags, Keyword Matrix) › RES-21: Navigating away and returning to Resume tab retains cached scan results" classname="resume.spec.ts">
<skipped>
</skipped>
</testcase>
<testcase name="POM Resume Analyzer Suite (ATS Audit Engine, Parsing, Skills Tags, Keyword Matrix) › RES-22: Resume scanner supports text input length up to thousands of characters" classname="resume.spec.ts">
<skipped>
</skipped>
</testcase>
<testcase name="POM Resume Analyzer Suite (ATS Audit Engine, Parsing, Skills Tags, Keyword Matrix) › RES-23: Target job description affects ATS keyword matching calculations" classname="resume.spec.ts">
<skipped>
</skipped>
</testcase>
<testcase name="POM Resume Analyzer Suite (ATS Audit Engine, Parsing, Skills Tags, Keyword Matrix) › RES-24: File upload dropzone label highlights when file is selected" classname="resume.spec.ts">
<skipped>
</skipped>
</testcase>
<testcase name="POM Resume Analyzer Suite (ATS Audit Engine, Parsing, Skills Tags, Keyword Matrix) › RES-25: Resume analyzer results render ATS score progress bar element" classname="resume.spec.ts">
<skipped>
</skipped>
</testcase>
<testcase name="POM Resume Analyzer Suite (ATS Audit Engine, Parsing, Skills Tags, Keyword Matrix) › RES-26: Clear text input area allows resetting resume text" classname="resume.spec.ts">
<skipped>
</skipped>
</testcase>
<testcase name="POM Resume Analyzer Suite (ATS Audit Engine, Parsing, Skills Tags, Keyword Matrix) › RES-27: Fallback analysis engine triggers when API endpoint is offline" classname="resume.spec.ts">
<skipped>
</skipped>
</testcase>
<testcase name="POM Resume Analyzer Suite (ATS Audit Engine, Parsing, Skills Tags, Keyword Matrix) › RES-28: ATS score gauge displays green styling for high score (&gt;=80)" classname="resume.spec.ts">
<skipped>
</skipped>
</testcase>
<testcase name="POM Resume Analyzer Suite (ATS Audit Engine, Parsing, Skills Tags, Keyword Matrix) › RES-29: ATS Scanner button on home dashboard links directly to Resume tab" classname="resume.spec.ts">
<skipped>
</skipped>
</testcase>
<testcase name="POM Resume Analyzer Suite (ATS Audit Engine, Parsing, Skills Tags, Keyword Matrix) › RES-30: Resume analyzer layout is responsive on mobile viewports" classname="resume.spec.ts">
<skipped>
</skipped>
</testcase>
<testcase name="POM Resume Analyzer Suite (ATS Audit Engine, Parsing, Skills Tags, Keyword Matrix) › RES-31: Resume text input box character counter subtext is visible" classname="resume.spec.ts">
<skipped>
</skipped>
</testcase>
<testcase name="POM Resume Analyzer Suite (ATS Audit Engine, Parsing, Skills Tags, Keyword Matrix) › RES-32: Target job description input box label is visible" classname="resume.spec.ts">
<skipped>
</skipped>
</testcase>
<testcase name="POM Resume Analyzer Suite (ATS Audit Engine, Parsing, Skills Tags, Keyword Matrix) › RES-33: ATS Audit summary section renders percentage match breakdown" classname="resume.spec.ts">
<skipped>
</skipped>
</testcase>
<testcase name="POM Resume Analyzer Suite (ATS Audit Engine, Parsing, Skills Tags, Keyword Matrix) › RES-34: Keyword alignment matrix displays matched vs missing status badges" classname="resume.spec.ts">
<skipped>
</skipped>
</testcase>
<testcase name="POM Resume Analyzer Suite (ATS Audit Engine, Parsing, Skills Tags, Keyword Matrix) › RES-35: Identified skills tags list contains TypeScript tag for developer CV" classname="resume.spec.ts">
<skipped>
</skipped>
</testcase>
<testcase name="POM Resume Analyzer Suite (ATS Audit Engine, Parsing, Skills Tags, Keyword Matrix) › RES-36: Audit report recommends action items for resume enhancement" classname="resume.spec.ts">
<skipped>
</skipped>
</testcase>
<testcase name="POM Resume Analyzer Suite (ATS Audit Engine, Parsing, Skills Tags, Keyword Matrix) › RES-37: Resume page layout is responsive on tablet 768px viewport" classname="resume.spec.ts">
<skipped>
</skipped>
</testcase>
<testcase name="POM Resume Analyzer Suite (ATS Audit Engine, Parsing, Skills Tags, Keyword Matrix) › RES-38: Resume page layout is responsive on desktop 1440px viewport" classname="resume.spec.ts">
<skipped>
</skipped>
</testcase>
<testcase name="POM Resume Analyzer Suite (ATS Audit Engine, Parsing, Skills Tags, Keyword Matrix) › RES-39: Re-analyzing with new job description updates ATS recommendations" classname="resume.spec.ts">
<skipped>
</skipped>
</testcase>
<testcase name="POM Resume Analyzer Suite (ATS Audit Engine, Parsing, Skills Tags, Keyword Matrix) › RES-40: LocalStorage retains activeResumeAnalysis object structure" classname="resume.spec.ts">
<skipped>
</skipped>
</testcase>
</testsuite>
<testsuite name="technical.spec.ts" timestamp="2026-07-22T11:39:25.618Z" hostname="mobile-safari" tests="40" failures="0" skipped="40" time="0" errors="0">
<testcase name="POM Technical Questions Suite (AWS, Docker, K8s, Terraform, Linux, Git, Security) › TECH-01: AWS Cloud domain question generation returns technical question prompt" classname="technical.spec.ts">
<skipped>
</skipped>
</testcase>
<testcase name="POM Technical Questions Suite (AWS, Docker, K8s, Terraform, Linux, Git, Security) › TECH-02: Docker containerization domain question generation" classname="technical.spec.ts">
<skipped>
</skipped>
</testcase>
<testcase name="POM Technical Questions Suite (AWS, Docker, K8s, Terraform, Linux, Git, Security) › TECH-03: Kubernetes domain question generation" classname="technical.spec.ts">
<skipped>
</skipped>
</testcase>
<testcase name="POM Technical Questions Suite (AWS, Docker, K8s, Terraform, Linux, Git, Security) › TECH-04: Terraform IaC domain question generation" classname="technical.spec.ts">
<skipped>
</skipped>
</testcase>
<testcase name="POM Technical Questions Suite (AWS, Docker, K8s, Terraform, Linux, Git, Security) › TECH-05: Jenkins CI/CD domain question generation" classname="technical.spec.ts">
<skipped>
</skipped>
</testcase>
<testcase name="POM Technical Questions Suite (AWS, Docker, K8s, Terraform, Linux, Git, Security) › TECH-06: Linux administration domain question generation" classname="technical.spec.ts">
<skipped>
</skipped>
</testcase>
<testcase name="POM Technical Questions Suite (AWS, Docker, K8s, Terraform, Linux, Git, Security) › TECH-07: Git &amp; GitHub domain question generation" classname="technical.spec.ts">
<skipped>
</skipped>
</testcase>
<testcase name="POM Technical Questions Suite (AWS, Docker, K8s, Terraform, Linux, Git, Security) › TECH-08: Cloud Security domain question generation" classname="technical.spec.ts">
<skipped>
</skipped>
</testcase>
<testcase name="POM Technical Questions Suite (AWS, Docker, K8s, Terraform, Linux, Git, Security) › TECH-09: Networking domain question generation" classname="technical.spec.ts">
<skipped>
</skipped>
</testcase>
<testcase name="POM Technical Questions Suite (AWS, Docker, K8s, Terraform, Linux, Git, Security) › TECH-10: System Design domain question generation" classname="technical.spec.ts">
<skipped>
</skipped>
</testcase>
<testcase name="POM Technical Questions Suite (AWS, Docker, K8s, Terraform, Linux, Git, Security) › TECH-11: Custom Question file import box is visible in Custom mode" classname="technical.spec.ts">
<skipped>
</skipped>
</testcase>
<testcase name="POM Technical Questions Suite (AWS, Docker, K8s, Terraform, Linux, Git, Security) › TECH-12: Custom Question dropzone indicates support for .txt and .json files" classname="technical.spec.ts">
<skipped>
</skipped>
</testcase>
<testcase name="POM Technical Questions Suite (AWS, Docker, K8s, Terraform, Linux, Git, Security) › TECH-13: Adding custom question pin updates custom questions counter badge" classname="technical.spec.ts">
<skipped>
</skipped>
</testcase>
<testcase name="POM Technical Questions Suite (AWS, Docker, K8s, Terraform, Linux, Git, Security) › TECH-14: Unpinning question removes question from pinned list" classname="technical.spec.ts">
<skipped>
</skipped>
</testcase>
<testcase name="POM Technical Questions Suite (AWS, Docker, K8s, Terraform, Linux, Git, Security) › TECH-15: Local Syntactic Fallback evaluation for AWS EC2 instance query" classname="technical.spec.ts">
<skipped>
</skipped>
</testcase>
<testcase name="POM Technical Questions Suite (AWS, Docker, K8s, Terraform, Linux, Git, Security) › TECH-16: Local Syntactic Fallback evaluation for Docker container query" classname="technical.spec.ts">
<skipped>
</skipped>
</testcase>
<testcase name="POM Technical Questions Suite (AWS, Docker, K8s, Terraform, Linux, Git, Security) › TECH-17: Local Syntactic Fallback evaluation for Kubernetes pod query" classname="technical.spec.ts">
<skipped>
</skipped>
</testcase>
<testcase name="POM Technical Questions Suite (AWS, Docker, K8s, Terraform, Linux, Git, Security) › TECH-18: Local Syntactic Fallback evaluation for Terraform state locking query" classname="technical.spec.ts">
<skipped>
</skipped>
</testcase>
<testcase name="POM Technical Questions Suite (AWS, Docker, K8s, Terraform, Linux, Git, Security) › TECH-19: Local Syntactic Fallback evaluation for Linux diagnostic commands" classname="technical.spec.ts">
<skipped>
</skipped>
</testcase>
<testcase name="POM Technical Questions Suite (AWS, Docker, K8s, Terraform, Linux, Git, Security) › TECH-20: Technical evaluation returns ideal answer with structured markdown" classname="technical.spec.ts">
<skipped>
</skipped>
</testcase>
<testcase name="POM Technical Questions Suite (AWS, Docker, K8s, Terraform, Linux, Git, Security) › TECH-21: Pinned questions override default random questions pool" classname="technical.spec.ts">
<skipped>
</skipped>
</testcase>
<testcase name="POM Technical Questions Suite (AWS, Docker, K8s, Terraform, Linux, Git, Security) › TECH-22: API error fallback displays fallback ideal answer without breaking UI" classname="technical.spec.ts">
<skipped>
</skipped>
</testcase>
<testcase name="POM Technical Questions Suite (AWS, Docker, K8s, Terraform, Linux, Git, Security) › TECH-23: Short custom question input (&lt;5 chars) presents validation error toast" classname="technical.spec.ts">
<skipped>
</skipped>
</testcase>
<testcase name="POM Technical Questions Suite (AWS, Docker, K8s, Terraform, Linux, Git, Security) › TECH-24: Focus topic text field injects topic context into generator payload" classname="technical.spec.ts">
<skipped>
</skipped>
</testcase>
<testcase name="POM Technical Questions Suite (AWS, Docker, K8s, Terraform, Linux, Git, Security) › TECH-25: Multi-question drill session retains answer history across steps" classname="technical.spec.ts">
<skipped>
</skipped>
</testcase>
<testcase name="POM Technical Questions Suite (AWS, Docker, K8s, Terraform, Linux, Git, Security) › TECH-26: Session summary screen calculates overall candidate score percentage" classname="technical.spec.ts">
<skipped>
</skipped>
</testcase>
<testcase name="POM Technical Questions Suite (AWS, Docker, K8s, Terraform, Linux, Git, Security) › TECH-27: Session summary screen includes 4-Week Action Plan section" classname="technical.spec.ts">
<skipped>
</skipped>
</testcase>
<testcase name="POM Technical Questions Suite (AWS, Docker, K8s, Terraform, Linux, Git, Security) › TECH-28: Export Session Report to PDF button is visible on summary screen" classname="technical.spec.ts">
<skipped>
</skipped>
</testcase>
<testcase name="POM Technical Questions Suite (AWS, Docker, K8s, Terraform, Linux, Git, Security) › TECH-29: Start New Session button on summary screen resets simulation studio" classname="technical.spec.ts">
<skipped>
</skipped>
</testcase>
<testcase name="POM Technical Questions Suite (AWS, Docker, K8s, Terraform, Linux, Git, Security) › TECH-30: Session summary updates interview history list in LocalStorage" classname="technical.spec.ts">
<skipped>
</skipped>
</testcase>
<testcase name="POM Technical Questions Suite (AWS, Docker, K8s, Terraform, Linux, Git, Security) › TECH-31: Local NLP fallback engine recognizes PostgreSQL MVCC transaction query" classname="technical.spec.ts">
<skipped>
</skipped>
</testcase>
<testcase name="POM Technical Questions Suite (AWS, Docker, K8s, Terraform, Linux, Git, Security) › TECH-32: Local NLP fallback engine recognizes Redis in-memory multiplexing query" classname="technical.spec.ts">
<skipped>
</skipped>
</testcase>
<testcase name="POM Technical Questions Suite (AWS, Docker, K8s, Terraform, Linux, Git, Security) › TECH-33: Local NLP fallback engine recognizes Git reflog recovery mechanics" classname="technical.spec.ts">
<skipped>
</skipped>
</testcase>
<testcase name="POM Technical Questions Suite (AWS, Docker, K8s, Terraform, Linux, Git, Security) › TECH-34: Local NLP fallback engine recognizes Jenkins pipeline-as-code Jenkinsfile" classname="technical.spec.ts">
<skipped>
</skipped>
</testcase>
<testcase name="POM Technical Questions Suite (AWS, Docker, K8s, Terraform, Linux, Git, Security) › TECH-35: Local NLP fallback engine recognizes Ansible agentless playbooks" classname="technical.spec.ts">
<skipped>
</skipped>
</testcase>
<testcase name="POM Technical Questions Suite (AWS, Docker, K8s, Terraform, Linux, Git, Security) › TECH-36: Technical drill session renders category tag in drill header" classname="technical.spec.ts">
<skipped>
</skipped>
</testcase>
<testcase name="POM Technical Questions Suite (AWS, Docker, K8s, Terraform, Linux, Git, Security) › TECH-37: Technical question prompt contains professional keywords" classname="technical.spec.ts">
<skipped>
</skipped>
</testcase>
<testcase name="POM Technical Questions Suite (AWS, Docker, K8s, Terraform, Linux, Git, Security) › TECH-38: Session report details sub-scores for COM, TEC, CON, SOL, CLA" classname="technical.spec.ts">
<skipped>
</skipped>
</testcase>
<testcase name="POM Technical Questions Suite (AWS, Docker, K8s, Terraform, Linux, Git, Security) › TECH-39: Technical question file import dropzone highlights on dragover" classname="technical.spec.ts">
<skipped>
</skipped>
</testcase>
<testcase name="POM Technical Questions Suite (AWS, Docker, K8s, Terraform, Linux, Git, Security) › TECH-40: Resetting question pin list clears custom question badges" classname="technical.spec.ts">
<skipped>
</skipped>
</testcase>
</testsuite>
</testsuites>